[0mGET //uploads/eventbanner/eventbanner-1636181746538.jpeg [33m404[0m 6.402 ms - 190[0m
[0mGET //uploads/eventbanner/eventbanner-1636272689116.jpeg [33m404[0m 6.979 ms - 190[0m
[0mGET //uploads/eventbanner/eventbanner-1636181746538.jpeg [33m404[0m 0.718 ms - 190[0m
[0mGET //uploads/eventbanner/eventbanner-1636272689116.jpeg [33m404[0m 0.998 ms - 190[0m
[0mGET //uploads/eventbanner/eventbanner-1636181746538.jpeg [33m404[0m 0.725 ms - 190[0m
[0mGET //uploads/eventbanner/eventbanner-1636272689116.jpeg [33m404[0m 1.034 ms - 190[0m
[0mGET //uploads/eventbanner/eventbanner-1636181746538.jpeg [33m404[0m 1.153 ms - 190[0m
[0mGET //uploads/eventbanner/eventbanner-1636272689116.jpeg [33m404[0m 2.036 ms - 190[0m
[0mGET //uploads/eventbanner/eventbanner-1636181746538.jpeg [33m404[0m 0.618 ms - 190[0m
[0mGET //uploads/eventbanner/eventbanner-1636272689116.jpeg [33m404[0m 0.539 ms - 190[0m
[0mGET //uploads/eventbanner/eventbanner-1636181746538.jpeg [33m404[0m 4.202 ms - 190[0m
[0mGET //uploads/eventbanner/eventbanner-1636272689116.jpeg [33m404[0m 0.909 ms - 190[0m
[0mGET //uploads/eventbanner/eventbanner-1636181746538.jpeg [33m404[0m 0.354 ms - 190[0m
[0mGET //uploads/eventbanner/eventbanner-1636272689116.jpeg [33m404[0m 0.333 ms - 190[0m
[0mGET //uploads/eventbanner/eventbanner-1636181746538.jpeg [33m404[0m 5.072 ms - 190[0m
[0mGET //uploads/eventbanner/eventbanner-1636272689116.jpeg [33m404[0m 1.593 ms - 190[0m
[0mGET //uploads/eventbanner/eventbanner-1636272689116.jpeg [33m404[0m 2.491 ms - 190[0m
[0mGET //uploads/eventbanner/eventbanner-1636181746538.jpeg [33m404[0m 3.352 ms - 190[0m
[0mGET //uploads/eventbanner/eventbanner-1636181746538.jpeg [33m404[0m 2.319 ms - 190[0m
[0mGET //uploads/eventbanner/eventbanner-1636272689116.jpeg [33m404[0m 0.610 ms - 190[0m
[0mGET /seeQ/js/notification_engine.js [33m404[0m 0.591 ms - 169[0m
[0mGET /seeQ/js/notification_engine.js [33m404[0m 0.769 ms - 169[0m
[0mGET /index.css [33m404[0m 0.771 ms - 148[0m
[0mGET /index.css [33m404[0m 1.139 ms - 148[0m
[0mGET /globalevents/js/notification_engine.js [33m404[0m 4.212 ms - 177[0m
[0mGET /globalevents/js/notification_engine.js [33m404[0m 0.368 ms - 177[0m
[0mGET /globalevents/js/notification_engine.js [33m404[0m 0.539 ms - 177[0m
[0mGET /globalevents/js/notification_engine.js [33m404[0m 0.479 ms - 177[0m
[0mGET //uploads/eventbanner/eventbanner-1636181746538.jpeg [33m404[0m 2.616 ms - 190[0m
[0mGET //uploads/eventbanner/eventbanner-1636272689116.jpeg [33m404[0m 0.748 ms - 190[0m
[0mGET //uploads/eventbanner/eventbanner-1636181746538.jpeg [33m404[0m 1.004 ms - 190[0m
[0mGET //uploads/eventbanner/eventbanner-1636272689116.jpeg [33m404[0m 6.080 ms - 190[0m
[0mGET //uploads/eventbanner/eventbanner-1636181746538.jpeg [33m404[0m 0.808 ms - 190[0m
[0mGET //uploads/eventbanner/eventbanner-1636272689116.jpeg [33m404[0m 1.322 ms - 190[0m
[0mGET //uploads/eventbanner/eventbanner-1636181746538.jpeg [33m404[0m 0.516 ms - 190[0m
[0mGET //uploads/eventbanner/eventbanner-1636272689116.jpeg [33m404[0m 1.541 ms - 190[0m
[0mGET //uploads/eventbanner/eventbanner-1636272689116.jpeg [33m404[0m 0.450 ms - 190[0m
[0mGET //uploads/eventbanner/eventbanner-1636181746538.jpeg [33m404[0m 0.608 ms - 190[0m
[0mGET /globalevents/js/notification_engine.js [33m404[0m 2.851 ms - 177[0m
[0mGET /globalevents/js/notification_engine.js [33m404[0m 2.070 ms - 177[0m
[0mGET //uploads/eventbanner/eventbanner-1636181746538.jpeg [33m404[0m 7.273 ms - 190[0m
[0mGET //uploads/eventbanner/eventbanner-1636272689116.jpeg [33m404[0m 0.430 ms - 190[0m
[0mGET //uploads/eventbanner/eventbanner-1636181746538.jpeg [33m404[0m 2.564 ms - 190[0m
[0mGET //uploads/eventbanner/eventbanner-1636272689116.jpeg [33m404[0m 0.564 ms - 190[0m
[0mGET /index.css [33m404[0m 0.744 ms - 148[0m
[0mGET /seeQ/js/notification_engine.js [33m404[0m 0.437 ms - 169[0m
[0mGET /seeQ/js/notification_engine.js [33m404[0m 0.650 ms - 169[0m
[0mGET /index.css [33m404[0m 0.878 ms - 148[0m
[0mGET /resources/upload/js/notification_engine.js [33m404[0m 0.687 ms - 181[0m
[0mGET /resources/upload/js/notification_engine.js [33m404[0m 0.477 ms - 181[0m
[0mGET /seeQ/js/notification_engine.js [33m404[0m 0.511 ms - 169[0m
[0mGET /seeQ/js/notification_engine.js [33m404[0m 0.526 ms - 169[0m
[0mGET //uploads/eventbanner/eventbanner-1636181746538.jpeg [33m404[0m 4.280 ms - 190[0m
[0mGET //uploads/eventbanner/eventbanner-1636272689116.jpeg [33m404[0m 0.359 ms - 190[0m
[0mGET //uploads/eventbanner/eventbanner-1636181746538.jpeg [33m404[0m 0.257 ms - 190[0m
[0mGET //uploads/eventbanner/eventbanner-1636272689116.jpeg [33m404[0m 0.337 ms - 190[0m
[0mGET //uploads/eventbanner/eventbanner-1636181746538.jpeg [33m404[0m 5.957 ms - 190[0m
[0mGET //uploads/eventbanner/eventbanner-1636272689116.jpeg [33m404[0m 2.100 ms - 190[0m
[0mGET //uploads/eventbanner/eventbanner-1636181746538.jpeg [33m404[0m 0.494 ms - 190[0m
[0mGET //uploads/eventbanner/eventbanner-1636272689116.jpeg [33m404[0m 0.658 ms - 190[0m
[0mGET /seeQ/js/notification_engine.js [33m404[0m 33.013 ms - 169[0m
[0mGET /seeQ/js/notification_engine.js [33m404[0m 3.880 ms - 169[0m
[0mGET /index.css [33m404[0m 5.188 ms - 148[0m
[0mGET /index.css [33m404[0m 1.415 ms - 148[0m
[0mGET /index.css [33m404[0m 0.482 ms - 148[0m
[0mGET /index.css [33m404[0m 6.037 ms - 148[0m
[0mGET /favicon.ico [33m404[0m 32.182 ms - 150[0m
[0mGET /index.css [33m404[0m 0.962 ms - 148[0m
[0mGET /index.css [33m404[0m 12.259 ms - 148[0m
