[0mGET /favicon.ico [33m404[0m 8.519 ms - 150[0m
[0mGET /index.css [33m404[0m 5.750 ms - 148[0m
[0mGET /favicon.ico [33m404[0m 1.012 ms - 150[0m
[0mGET /resources/upload/js/notification_engine.js [33m404[0m 0.495 ms - 181[0m
[0mGET /resources/upload/js/notification_engine.js [33m404[0m 0.561 ms - 181[0m
[0mGET /resources/upload/js/notification_engine.js [33m404[0m 0.647 ms - 181[0m
[0mGET /resources/upload/js/notification_engine.js [33m404[0m 0.614 ms - 181[0m
[0mGET /resourses/js/notification_engine.js [33m404[0m 0.904 ms - 174[0m
[0mGET /resourses/js/notification_engine.js [33m404[0m 0.844 ms - 174[0m
[0mGET /resources/upload/js/notification_engine.js [33m404[0m 0.765 ms - 181[0m
[0mGET /resources/upload/js/notification_engine.js [33m404[0m 0.566 ms - 181[0m
[0mGET /resources/upload/js/notification_engine.js [33m404[0m 7.564 ms - 181[0m
[0mGET /resources/upload/js/notification_engine.js [33m404[0m 0.593 ms - 181[0m
[0mGET /resources/upload/js/notification_engine.js [33m404[0m 6.505 ms - 181[0m
[0mGET /resources/upload/js/notification_engine.js [33m404[0m 0.723 ms - 181[0m
[0mGET /back [33m404[0m 5.402 ms - 143[0m
[0mGET /back [33m404[0m 2.680 ms - 143[0m
[0mGET /back [33m404[0m 0.426 ms - 143[0m
[0mGET /back [33m404[0m 0.842 ms - 143[0m
[0mGET /back [33m404[0m 0.523 ms - 143[0m
[0mGET /back [33m404[0m 0.839 ms - 143[0m
[0mGET /back [33m404[0m 0.453 ms - 143[0m
[0mGET /back [33m404[0m 2.117 ms - 143[0m
[0mGET /back [33m404[0m 0.611 ms - 143[0m
[0mGET /back [33m404[0m 2.096 ms - 143[0m
[0mGET /resources/upload/js/notification_engine.js [33m404[0m 1.769 ms - 181[0m
[0mGET /resources/upload/js/notification_engine.js [33m404[0m 1.031 ms - 181[0m
