[0mGET /index.css [33m404[0m 1.210 ms - 148[0m
[0mGET /index.css [33m404[0m 0.633 ms - 148[0m
[0mGET /favicon.ico [33m404[0m 2.239 ms - 150[0m
[0mGET /users/auth/google/index.css [33m404[0m 1.034 ms - 166[0m
[0mGET /users/auth/google/js/notification_engine.js [33m404[0m 2.184 ms - 182[0m
[0mGET /users/auth/google/js/notification_engine.js [33m404[0m 0.366 ms - 182[0m
[0mGET /resources/js/notification_engine.js [33m404[0m 0.476 ms - 174[0m
[0mGET /resources/js/notification_engine.js [33m404[0m 0.318 ms - 174[0m
[0mGET /resourses/js/notification_engine.js [33m404[0m 0.499 ms - 174[0m
[0mGET /resourses/js/notification_engine.js [33m404[0m 0.308 ms - 174[0m
[0mGET /uploads/resources/resources-1632733390696.pdf [33m404[0m 0.238 ms - 184[0m
[0mGET /index.css [33m404[0m 1.903 ms - 148[0m
[0mGET /index.css [33m404[0m 0.898 ms - 148[0m
[0mGET /resourses/js/notification_engine.js [33m404[0m 1.370 ms - 174[0m
[0mGET /resourses/js/notification_engine.js [33m404[0m 0.473 ms - 174[0m
[0mGET /resourses/js/notification_engine.js [33m404[0m 0.509 ms - 174[0m
[0mGET /resourses/js/notification_engine.js [33m404[0m 0.374 ms - 174[0m
[0mGET /resourses/js/notification_engine.js [33m404[0m 0.381 ms - 174[0m
[0mGET /resourses/js/notification_engine.js [33m404[0m 0.397 ms - 174[0m
[0mGET /resourses/js/notification_engine.js [33m404[0m 1.465 ms - 174[0m
[0mGET /resourses/js/notification_engine.js [33m404[0m 0.430 ms - 174[0m
[0mGET /uploads/resources/resources-1632733390695.pdf [33m404[0m 0.404 ms - 184[0m
[0mGET /resources/js/notification_engine.js [33m404[0m 4.199 ms - 174[0m
[0mGET /resources/js/notification_engine.js [33m404[0m 0.441 ms - 174[0m
[0mGET /resourses/js/notification_engine.js [33m404[0m 1.843 ms - 174[0m
[0mGET /resourses/js/notification_engine.js [33m404[0m 0.459 ms - 174[0m
[0mGET //deleteres/1632736487513.pdf [33m404[0m 0.514 ms - 167[0m
[0mGET /uploads/resources/resources-1632736487513.pdf [33m404[0m 0.244 ms - 184[0m
[0mGET /resources/js/notification_engine.js [33m404[0m 1.032 ms - 174[0m
[0mGET /resources/js/notification_engine.js [33m404[0m 0.510 ms - 174[0m
[0mGET /index.css [33m404[0m 1.819 ms - 148[0m
[0mGET /resources/js/notification_engine.js [33m404[0m 3.617 ms - 174[0m
[0mGET /resources/js/notification_engine.js [33m404[0m 1.431 ms - 174[0m
[0mGET /resources/js/notification_engine.js [33m404[0m 0.323 ms - 174[0m
[0mGET /index.css [33m404[0m 2.143 ms - 148[0m
[0mGET /resources/js/notification_engine.js [33m404[0m 1.842 ms - 174[0m
[0mGET /resources/js/notification_engine.js [33m404[0m 0.651 ms - 174[0m
[0mGET /index.css [33m404[0m 3.633 ms - 148[0m
[0mGET /resources/js/notification_engine.js [33m404[0m 2.853 ms - 174[0m
[0mGET /resources/js/notification_engine.js [33m404[0m 0.493 ms - 174[0m
[0mGET /index.css [33m404[0m 4.095 ms - 148[0m
[0mGET /index.css [33m404[0m 0.406 ms - 148[0m
[0mGET /index.css [33m404[0m 0.970 ms - 148[0m
[0mGET /users/auth/google/index.css [33m404[0m 0.980 ms - 166[0m
[0mGET /users/auth/google/js/notification_engine.js [33m404[0m 1.730 ms - 182[0m
[0mGET /users/auth/google/js/notification_engine.js [33m404[0m 0.772 ms - 182[0m
[0mGET /resourses/js/notification_engine.js [33m404[0m 0.570 ms - 174[0m
[0mGET /resourses/js/notification_engine.js [33m404[0m 1.809 ms - 174[0m
[0mGET /uploads/resources/resources-1632736487513.pdf [33m404[0m 0.451 ms - 184[0m
[0mGET /resourses/js/notification_engine.js [33m404[0m 0.296 ms - 174[0m
[0mGET /resourses/js/notification_engine.js [33m404[0m 0.606 ms - 174[0m
[0mGET /uploads/resources/resources-1632737836040.pdf [33m404[0m 0.276 ms - 184[0m
[0mGET /resourses/js/notification_engine.js [33m404[0m 0.524 ms - 174[0m
[0mGET /resourses/js/notification_engine.js [33m404[0m 0.263 ms - 174[0m
[0mGET /uploads/resources/resources-1632736687651.pdf [33m404[0m 0.268 ms - 184[0m
[0mGET /resources/js/notification_engine.js [33m404[0m 0.258 ms - 174[0m
[0mGET /resources/js/notification_engine.js [33m404[0m 0.427 ms - 174[0m
[0mGET /resourses/js/notification_engine.js [33m404[0m 0.474 ms - 174[0m
[0mGET /resourses/js/notification_engine.js [33m404[0m 0.301 ms - 174[0m
[0mGET /index.css [33m404[0m 3.440 ms - 148[0m
[0mGET /uploads/resources/resources-1632741166879.pdf [33m404[0m 1.963 ms - 184[0m
[0mGET /uploads/resources/resources-1632741166879.pdf [33m404[0m 0.777 ms - 184[0m
[0mGET /deleteres/resources/resources-1632741166921.pdf [33m404[0m 1.229 ms - 186[0m
[0mGET /resourses/js/notification_engine.js [33m404[0m 1.221 ms - 174[0m
[0mGET /resourses/js/notification_engine.js [33m404[0m 0.351 ms - 174[0m
[0mGET /resourses/js/notification_engine.js [33m404[0m 0.313 ms - 174[0m
[0mGET /resourses/js/notification_engine.js [33m404[0m 0.247 ms - 174[0m
[0mGET /resourses/js/notification_engine.js [33m404[0m 0.380 ms - 174[0m
[0mGET /resourses/js/notification_engine.js [33m404[0m 0.235 ms - 174[0m
[0mGET /resourses/js/notification_engine.js [33m404[0m 0.306 ms - 174[0m
[0mGET /resourses/js/notification_engine.js [33m404[0m 0.313 ms - 174[0m
[0mGET /resourses/js/notification_engine.js [33m404[0m 0.255 ms - 174[0m
[0mGET /resourses/js/notification_engine.js [33m404[0m 0.249 ms - 174[0m
[0mGET /resourses/js/notification_engine.js [33m404[0m 0.431 ms - 174[0m
[0mGET /resourses/js/notification_engine.js [33m404[0m 0.344 ms - 174[0m
[0mGET /resourses/js/notification_engine.js [33m404[0m 0.413 ms - 174[0m
[0mGET /resourses/js/notification_engine.js [33m404[0m 0.592 ms - 174[0m
[0mGET /deleteres//uploads/resources/resources-1632741166921.pdf [33m404[0m 0.282 ms - 195[0m
[0mGET /resourses/js/notification_engine.js [33m404[0m 5.398 ms - 174[0m
[0mGET /resourses/js/notification_engine.js [33m404[0m 2.043 ms - 174[0m
[0mGET /deleteres//uploads/resources/resources-1632741166844.pdf [33m404[0m 0.281 ms - 195[0m
[0mGET /deleteres//uploads/resources/resources-1632741166844.pdf [33m404[0m 0.326 ms - 195[0m
[0mGET /resourses/js/notification_engine.js [33m404[0m 0.459 ms - 174[0m
[0mGET /resourses/js/notification_engine.js [33m404[0m 0.446 ms - 174[0m
[0mGET /index.css [33m404[0m 0.863 ms - 148[0m
[0mGET /resourses/js/notification_engine.js [33m404[0m 0.446 ms - 174[0m
[0mGET /resourses/js/notification_engine.js [33m404[0m 0.791 ms - 174[0m
[0mGET /resourses/js/notification_engine.js [33m404[0m 0.467 ms - 174[0m
[0mGET /resourses/js/notification_engine.js [33m404[0m 0.419 ms - 174[0m
[0mGET /resourses/js/notification_engine.js [33m404[0m 0.593 ms - 174[0m
[0mGET /index.css [33m404[0m 0.822 ms - 148[0m
[0mGET /resourses/js/notification_engine.js [33m404[0m 0.977 ms - 174[0m
[0mGET /resourses/js/notification_engine.js [33m404[0m 1.087 ms - 174[0m
[0mGET /resources/js/notification_engine.js [33m404[0m 6.487 ms - 174[0m
[0mGET /resources/js/notification_engine.js [33m404[0m 1.439 ms - 174[0m
[0mGET /resourses/js/notification_engine.js [33m404[0m 1.019 ms - 174[0m
[0mGET /resourses/js/notification_engine.js [33m404[0m 0.870 ms - 174[0m
[0mGET /resourses/js/notification_engine.js [33m404[0m 5.204 ms - 174[0m
[0mGET /resourses/js/notification_engine.js [33m404[0m 0.874 ms - 174[0m
[0mGET /deleteres/uploads/resources/resources-1632744574556.pdf [33m404[0m 0.638 ms - 194[0m
[0mGET /resourses/js/notification_engine.js [33m404[0m 4.156 ms - 174[0m
[0mGET /resourses/js/notification_engine.js [33m404[0m 0.981 ms - 174[0m
[0mGET /index.css [33m404[0m 2.556 ms - 148[0m
[0mGET /resources/js/notification_engine.js [33m404[0m 7.689 ms - 174[0m
[0mGET /resources/js/notification_engine.js [33m404[0m 1.463 ms - 174[0m
[0mGET /resourses/js/notification_engine.js [33m404[0m 0.721 ms - 174[0m
[0mGET /resourses/js/notification_engine.js [33m404[0m 0.802 ms - 174[0m
[0mGET /resourses/js/notification_engine.js [33m404[0m 0.871 ms - 174[0m
[0mGET /resourses/js/notification_engine.js [33m404[0m 1.667 ms - 174[0m
[0mGET /resourses/js/notification_engine.js [33m404[0m 4.352 ms - 174[0m
[0mGET /resourses/js/notification_engine.js [33m404[0m 0.900 ms - 174[0m
[0mGET /resourses/js/notification_engine.js [33m404[0m 3.876 ms - 174[0m
[0mGET /resourses/js/notification_engine.js [33m404[0m 1.995 ms - 174[0m
[0mGET /index.css [33m404[0m 2.167 ms - 148[0m
[0mGET /users/auth/google/index.css [33m404[0m 4.640 ms - 166[0m
[0mGET /users/auth/google/js/notification_engine.js [33m404[0m 0.671 ms - 182[0m
[0mGET /users/auth/google/js/notification_engine.js [33m404[0m 0.624 ms - 182[0m
[0mGET /resourses/js/notification_engine.js [33m404[0m 0.690 ms - 174[0m
[0mGET /resourses/js/notification_engine.js [33m404[0m 1.661 ms - 174[0m
[0mGET /resources/js/notification_engine.js [33m404[0m 2.504 ms - 174[0m
[0mGET /resources/js/notification_engine.js [33m404[0m 0.704 ms - 174[0m
[0mGET /resourses/js/notification_engine.js [33m404[0m 1.142 ms - 174[0m
[0mGET /resourses/js/notification_engine.js [33m404[0m 0.849 ms - 174[0m
[0mGET /resourses/js/notification_engine.js [33m404[0m 0.825 ms - 174[0m
[0mGET /resourses/js/notification_engine.js [33m404[0m 0.884 ms - 174[0m
[0mGET /index.css [33m404[0m 1.365 ms - 148[0m
[0mGET /resourses/js/notification_engine.js [33m404[0m 1.312 ms - 174[0m
[0mGET /resourses/js/notification_engine.js [33m404[0m 0.945 ms - 174[0m
[0mGET /resourses/js/notification_engine.js [33m404[0m 3.336 ms - 174[0m
[0mGET /resources/js/notification_engine.js [33m404[0m 4.620 ms - 174[0m
[0mGET /resources/js/notification_engine.js [33m404[0m 1.285 ms - 174[0m
[0mGET /resourses/js/notification_engine.js [33m404[0m 1.032 ms - 174[0m
[0mGET /resourses/js/notification_engine.js [33m404[0m 0.812 ms - 174[0m
[0mGET /index.css [33m404[0m 1.265 ms - 148[0m
[0mGET /resources/js/notification_engine.js [33m404[0m 0.866 ms - 174[0m
[0mGET /resources/js/notification_engine.js [33m404[0m 0.670 ms - 174[0m
[0mGET /resourses/js/notification_engine.js [33m404[0m 1.885 ms - 174[0m
[0mGET /resourses/js/notification_engine.js [33m404[0m 1.310 ms - 174[0m
[0mGET /index.css [33m404[0m 1.634 ms - 148[0m
[0mGET /resourses/js/notification_engine.js [33m404[0m 0.823 ms - 174[0m
[0mGET /resourses/js/notification_engine.js [33m404[0m 0.827 ms - 174[0m
[0mGET /resources/js/notification_engine.js [33m404[0m 0.556 ms - 174[0m
[0mGET /resources/js/notification_engine.js [33m404[0m 0.428 ms - 174[0m
[0mGET /resources/js/notification_engine.js [33m404[0m 0.768 ms - 174[0m
[0mGET /resources/js/notification_engine.js [33m404[0m 1.055 ms - 174[0m
[0mGET /resourses/js/notification_engine.js [33m404[0m 0.536 ms - 174[0m
[0mGET /resourses/js/notification_engine.js [33m404[0m 0.639 ms - 174[0m
[0mGET /index.css [33m404[0m 0.848 ms - 148[0m
[0mGET /resourses/js/notification_engine.js [33m404[0m 1.029 ms - 174[0m
[0mGET /resourses/js/notification_engine.js [33m404[0m 0.944 ms - 174[0m
[0mGET /resourses/js/notification_engine.js [33m404[0m 0.643 ms - 174[0m
[0mGET /resourses/js/notification_engine.js [33m404[0m 0.717 ms - 174[0m
[0mGET /resourses/js/notification_engine.js [33m404[0m 0.712 ms - 174[0m
[0mGET /resourses/js/notification_engine.js [33m404[0m 0.732 ms - 174[0m
[0mGET /resourses/js/notification_engine.js [33m404[0m 0.628 ms - 174[0m
[0mGET /resourses/js/notification_engine.js [33m404[0m 0.902 ms - 174[0m
[0mGET /resourses/js/notification_engine.js [33m404[0m 0.532 ms - 174[0m
[0mGET /resourses/js/notification_engine.js [33m404[0m 0.567 ms - 174[0m
[0mGET /resourses/js/notification_engine.js [33m404[0m 2.851 ms - 174[0m
[0mGET /resourses/js/notification_engine.js [33m404[0m 0.972 ms - 174[0m
[0mGET /index.css [33m404[0m 2.615 ms - 148[0m
[0mGET /resourses/js/notification_engine.js [33m404[0m 0.664 ms - 174[0m
[0mGET /resourses/js/notification_engine.js [33m404[0m 0.483 ms - 174[0m
[0mGET /resources/js/notification_engine.js [33m404[0m 4.951 ms - 174[0m
[0mGET /resources/js/notification_engine.js [33m404[0m 0.896 ms - 174[0m
[0mGET /resourses/js/notification_engine.js [33m404[0m 0.716 ms - 174[0m
[0mGET /resourses/js/notification_engine.js [33m404[0m 0.813 ms - 174[0m
[0mGET /index.css [33m404[0m 0.642 ms - 148[0m
[0mGET /resourses/js/notification_engine.js [33m404[0m 0.920 ms - 174[0m
[0mGET /resourses/js/notification_engine.js [33m404[0m 0.622 ms - 174[0m
[0mGET /resources/js/notification_engine.js [33m404[0m 4.533 ms - 174[0m
[0mGET /resources/js/notification_engine.js [33m404[0m 1.033 ms - 174[0m
[0mGET /resourses/js/notification_engine.js [33m404[0m 1.376 ms - 174[0m
[0mGET /resourses/js/notification_engine.js [33m404[0m 1.110 ms - 174[0m
[0mGET /index.css [33m404[0m 0.920 ms - 148[0m
[0mGET /resourses/js/notification_engine.js [33m404[0m 0.566 ms - 174[0m
[0mGET /resourses/js/notification_engine.js [33m404[0m 0.742 ms - 174[0m
[0mGET /resources/js/notification_engine.js [33m404[0m 3.471 ms - 174[0m
[0mGET /resources/js/notification_engine.js [33m404[0m 1.052 ms - 174[0m
[0mGET /resourses/js/notification_engine.js [33m404[0m 0.862 ms - 174[0m
[0mGET /resourses/js/notification_engine.js [33m404[0m 0.805 ms - 174[0m
[0mGET /index.css [33m404[0m 2.411 ms - 148[0m
[0mGET /resourses/js/notification_engine.js [33m404[0m 0.759 ms - 174[0m
[0mGET /resourses/js/notification_engine.js [33m404[0m 0.508 ms - 174[0m
[0mGET /resources/js/notification_engine.js [33m404[0m 5.894 ms - 174[0m
[0mGET /resources/js/notification_engine.js [33m404[0m 1.488 ms - 174[0m
[0mGET /resourses/js/notification_engine.js [33m404[0m 0.971 ms - 174[0m
[0mGET /resourses/js/notification_engine.js [33m404[0m 1.186 ms - 174[0m
[0mGET /index.css [33m404[0m 1.020 ms - 148[0m
[0mGET /resources/js/notification_engine.js [33m404[0m 0.615 ms - 174[0m
[0mGET /resources/js/notification_engine.js [33m404[0m 0.882 ms - 174[0m
[0mGET /resourses/js/notification_engine.js [33m404[0m 0.833 ms - 174[0m
[0mGET /resourses/js/notification_engine.js [33m404[0m 1.129 ms - 174[0m
[0mGET /index.css [33m404[0m 0.859 ms - 148[0m
[0mGET /resourses/js/notification_engine.js [33m404[0m 0.994 ms - 174[0m
[0mGET /resourses/js/notification_engine.js [33m404[0m 1.407 ms - 174[0m
[0mGET /resources/js/notification_engine.js [33m404[0m 8.900 ms - 174[0m
[0mGET /resources/js/notification_engine.js [33m404[0m 1.617 ms - 174[0m
[0mGET /resourses/js/notification_engine.js [33m404[0m 1.140 ms - 174[0m
[0mGET /resourses/js/notification_engine.js [33m404[0m 0.660 ms - 174[0m
[0mGET /resourses/js/notification_engine.js [33m404[0m 2.953 ms - 174[0m
[0mGET /resourses/js/notification_engine.js [33m404[0m 0.991 ms - 174[0m
[0mGET /resourses/js/notification_engine.js [33m404[0m 0.567 ms - 174[0m
[0mGET /resourses/js/notification_engine.js [33m404[0m 0.664 ms - 174[0m
[0mGET /resources/js/notification_engine.js [33m404[0m 5.512 ms - 174[0m
[0mGET /resources/js/notification_engine.js [33m404[0m 1.848 ms - 174[0m
[0mGET /resourses/js/notification_engine.js [33m404[0m 0.909 ms - 174[0m
[0mGET /resourses/js/notification_engine.js [33m404[0m 0.649 ms - 174[0m
[0mGET /resourses/js/notification_engine.js [33m404[0m 1.237 ms - 174[0m
[0mGET /resourses/js/notification_engine.js [33m404[0m 1.464 ms - 174[0m
[0mGET /resources/js/notification_engine.js [33m404[0m 3.326 ms - 174[0m
[0mGET /resources/js/notification_engine.js [33m404[0m 2.792 ms - 174[0m
[0mGET /resourses/js/notification_engine.js [33m404[0m 1.013 ms - 174[0m
[0mGET /resourses/js/notification_engine.js [33m404[0m 0.860 ms - 174[0m
[0mGET /resourses/js/notification_engine.js [33m404[0m 0.926 ms - 174[0m
[0mGET /resourses/js/notification_engine.js [33m404[0m 0.616 ms - 174[0m
[0mGET /resources/js/notification_engine.js [33m404[0m 5.960 ms - 174[0m
[0mGET /resources/js/notification_engine.js [33m404[0m 1.779 ms - 174[0m
[0mGET /resourses/js/notification_engine.js [33m404[0m 0.667 ms - 174[0m
[0mGET /resourses/js/notification_engine.js [33m404[0m 1.430 ms - 174[0m
[0mGET /resourses/js/notification_engine.js [33m404[0m 1.516 ms - 174[0m
[0mGET /resourses/js/notification_engine.js [33m404[0m 1.002 ms - 174[0m
[0mGET /resourses/js/notification_engine.js [33m404[0m 4.349 ms - 174[0m
[0mGET /resourses/js/notification_engine.js [33m404[0m 1.125 ms - 174[0m
[0mGET /resources/js/notification_engine.js [33m404[0m 0.782 ms - 174[0m
[0mGET /resources/js/notification_engine.js [33m404[0m 0.737 ms - 174[0m
[0mGET /resourses/js/notification_engine.js [33m404[0m 0.906 ms - 174[0m
[0mGET /resourses/js/notification_engine.js [33m404[0m 1.149 ms - 174[0m
[0mGET /resourses/js/notification_engine.js [33m404[0m 0.854 ms - 174[0m
[0mGET /resourses/js/notification_engine.js [33m404[0m 0.903 ms - 174[0m
[0mGET /resources/js/notification_engine.js [33m404[0m 4.883 ms - 174[0m
[0mGET /resources/js/notification_engine.js [33m404[0m 1.049 ms - 174[0m
[0mGET /resourses/js/notification_engine.js [33m404[0m 0.673 ms - 174[0m
[0mGET /resourses/js/notification_engine.js [33m404[0m 0.603 ms - 174[0m
[0mGET /resourses/js/notification_engine.js [33m404[0m 0.506 ms - 174[0m
[0mGET /resourses/js/notification_engine.js [33m404[0m 0.642 ms - 174[0m
[0mGET /resourses/js/notification_engine.js [33m404[0m 3.564 ms - 174[0m
[0mGET /resourses/js/notification_engine.js [33m404[0m 0.794 ms - 174[0m
[0mGET /resources/js/notification_engine.js [33m404[0m 1.682 ms - 174[0m
[0mGET /resources/js/notification_engine.js [33m404[0m 1.602 ms - 174[0m
[0mGET /resourses/js/notification_engine.js [33m404[0m 1.486 ms - 174[0m
[0mGET /resourses/js/notification_engine.js [33m404[0m 0.489 ms - 174[0m
[0mGET /resourses/js/notification_engine.js [33m404[0m 0.707 ms - 174[0m
[0mGET /resourses/js/notification_engine.js [33m404[0m 0.806 ms - 174[0m
[0mGET /resourses/js/notification_engine.js [33m404[0m 6.084 ms - 174[0m
[0mGET /resourses/js/notification_engine.js [33m404[0m 1.802 ms - 174[0m
[0mGET /resourses/js/notification_engine.js [33m404[0m 0.793 ms - 174[0m
[0mGET /resourses/js/notification_engine.js [33m404[0m 1.527 ms - 174[0m
[0mGET /resourses/js/notification_engine.js [33m404[0m 3.468 ms - 174[0m
[0mGET /resourses/js/notification_engine.js [33m404[0m 1.771 ms - 174[0m
[0mGET /resourses/js/notification_engine.js [33m404[0m 0.691 ms - 174[0m
[0mGET /resourses/js/notification_engine.js [33m404[0m 0.487 ms - 174[0m
[0mGET /users/auth/google/index.css [33m404[0m 4.415 ms - 166[0m
[0mGET /users/auth/google/js/notification_engine.js [33m404[0m 0.643 ms - 182[0m
[0mGET /users/auth/google/js/notification_engine.js [33m404[0m 0.804 ms - 182[0m
[0mGET /resources/js/notification_engine.js [33m404[0m 0.621 ms - 174[0m
[0mGET /resources/js/notification_engine.js [33m404[0m 1.114 ms - 174[0m
[0mGET /resourses/js/notification_engine.js [33m404[0m 0.814 ms - 174[0m
[0mGET /resourses/js/notification_engine.js [33m404[0m 0.468 ms - 174[0m
[0mGET /resourses/js/notification_engine.js [33m404[0m 0.582 ms - 174[0m
[0mGET /resourses/js/notification_engine.js [33m404[0m 0.581 ms - 174[0m
[0mGET /resourses/js/notification_engine.js [33m404[0m 3.998 ms - 174[0m
[0mGET /resourses/js/notification_engine.js [33m404[0m 1.096 ms - 174[0m
[0mGET /resourses/js/notification_engine.js [33m404[0m 1.736 ms - 174[0m
[0mGET /resourses/js/notification_engine.js [33m404[0m 0.660 ms - 174[0m
[0mGET /resourses/js/notification_engine.js [33m404[0m 0.618 ms - 174[0m
[0mGET /resourses/js/notification_engine.js [33m404[0m 0.566 ms - 174[0m
[0mGET /uploads/resources/resources-1632750546490.pdf [33m404[0m 0.622 ms - 184[0m
[0mGET /resourses/js/notification_engine.js [33m404[0m 1.595 ms - 174[0m
[0mGET /resourses/js/notification_engine.js [33m404[0m 1.394 ms - 174[0m
[0mGET /uploads/resources/resources-1632750546589.pdf [33m404[0m 0.628 ms - 184[0m
[0mGET /resourses/js/notification_engine.js [33m404[0m 1.211 ms - 174[0m
[0mGET /resourses/js/notification_engine.js [33m404[0m 0.641 ms - 174[0m
[0mGET /resources/js/notification_engine.js [33m404[0m 1.945 ms - 174[0m
[0mGET /resources/js/notification_engine.js [33m404[0m 0.447 ms - 174[0m
[0mGET /resourses/js/notification_engine.js [33m404[0m 0.795 ms - 174[0m
[0mGET /resourses/js/notification_engine.js [33m404[0m 0.408 ms - 174[0m
[0mGET /resourses/js/notification_engine.js [33m404[0m 0.809 ms - 174[0m
[0mGET /resourses/js/notification_engine.js [33m404[0m 0.684 ms - 174[0m
[0mGET /resourses/js/notification_engine.js [33m404[0m 0.456 ms - 174[0m
[0mGET /resourses/js/notification_engine.js [33m404[0m 0.576 ms - 174[0m
[0mGET /resourses/js/notification_engine.js [33m404[0m 0.576 ms - 174[0m
[0mGET /resourses/js/notification_engine.js [33m404[0m 0.953 ms - 174[0m
[0mGET /users/auth/google/index.css [33m404[0m 2.585 ms - 166[0m
[0mGET /users/auth/google/js/notification_engine.js [33m404[0m 0.822 ms - 182[0m
[0mGET /users/auth/google/js/notification_engine.js [33m404[0m 0.850 ms - 182[0m
[0mGET /resources/js/notification_engine.js [33m404[0m 2.287 ms - 174[0m
[0mGET /resources/js/notification_engine.js [33m404[0m 0.686 ms - 174[0m
[0mGET /resourses/js/notification_engine.js [33m404[0m 0.860 ms - 174[0m
[0mGET /resourses/js/notification_engine.js [33m404[0m 0.490 ms - 174[0m
[0mGET /resourses/js/notification_engine.js [33m404[0m 0.656 ms - 174[0m
[0mGET /resourses/js/notification_engine.js [33m404[0m 0.686 ms - 174[0m
[0mGET /resources/js/notification_engine.js [33m404[0m 4.842 ms - 174[0m
[0mGET /resources/js/notification_engine.js [33m404[0m 1.545 ms - 174[0m
[0mGET /resourses/js/notification_engine.js [33m404[0m 0.847 ms - 174[0m
[0mGET /resourses/js/notification_engine.js [33m404[0m 0.564 ms - 174[0m
[0mGET /resourses/js/notification_engine.js [33m404[0m 3.794 ms - 174[0m
[0mGET /resourses/js/notification_engine.js [33m404[0m 0.999 ms - 174[0m
[0mGET /resourses/js/notification_engine.js [33m404[0m 0.589 ms - 174[0m
[0mGET /resourses/js/notification_engine.js [33m404[0m 0.719 ms - 174[0m
[0mGET /resources/js/notification_engine.js [33m404[0m 4.964 ms - 174[0m
[0mGET /resources/js/notification_engine.js [33m404[0m 1.281 ms - 174[0m
[0mGET /resourses/js/notification_engine.js [33m404[0m 0.626 ms - 174[0m
[0mGET /resourses/js/notification_engine.js [33m404[0m 0.600 ms - 174[0m
[0mGET /resourses/js/notification_engine.js [33m404[0m 0.759 ms - 174[0m
[0mGET /resourses/js/notification_engine.js [33m404[0m 0.782 ms - 174[0m
[0mGET /resourses/js/notification_engine.js [33m404[0m 0.671 ms - 174[0m
[0mGET /resourses/js/notification_engine.js [33m404[0m 0.866 ms - 174[0m
[0mGET /resourses/js/notification_engine.js [33m404[0m 3.261 ms - 174[0m
[0mGET /resourses/js/notification_engine.js [33m404[0m 1.823 ms - 174[0m
[0mGET /resourses/js/notification_engine.js [33m404[0m 1.615 ms - 174[0m
[0mGET /resourses/js/notification_engine.js [33m404[0m 0.699 ms - 174[0m
[0mGET /resources/js/notification_engine.js [33m404[0m 2.014 ms - 174[0m
[0mGET /resources/js/notification_engine.js [33m404[0m 0.823 ms - 174[0m
[0mGET /resourses/js/notification_engine.js [33m404[0m 0.834 ms - 174[0m
[0mGET /resourses/js/notification_engine.js [33m404[0m 0.950 ms - 174[0m
[0mGET /resourses/js/notification_engine.js [33m404[0m 0.815 ms - 174[0m
[0mGET /resourses/js/notification_engine.js [33m404[0m 1.095 ms - 174[0m
[0mGET /resourses/js/notification_engine.js [33m404[0m 0.857 ms - 174[0m
[0mGET /resourses/js/notification_engine.js [33m404[0m 0.650 ms - 174[0m
[0mGET /resourses/js/notification_engine.js [33m404[0m 2.510 ms - 174[0m
[0mGET /resourses/js/notification_engine.js [33m404[0m 1.729 ms - 174[0m
[0mGET /resourses/js/notification_engine.js [33m404[0m 6.452 ms - 174[0m
[0mGET /resourses/js/notification_engine.js [33m404[0m 2.541 ms - 174[0m
[0mGET /users/auth/google/index.css [33m404[0m 3.287 ms - 166[0m
[0mGET /users/auth/google/js/notification_engine.js [33m404[0m 0.726 ms - 182[0m
[0mGET /users/auth/google/js/notification_engine.js [33m404[0m 1.004 ms - 182[0m
[0mGET /resources/js/notification_engine.js [33m404[0m 2.713 ms - 174[0m
[0mGET /resources/js/notification_engine.js [33m404[0m 1.069 ms - 174[0m
[0mGET /resources/js/notification_engine.js [33m404[0m 2.686 ms - 174[0m
[0mGET /resources/js/notification_engine.js [33m404[0m 1.054 ms - 174[0m
[0mGET /resources/js/notification_engine.js [33m404[0m 0.595 ms - 174[0m
[0mGET /resources/js/notification_engine.js [33m404[0m 0.718 ms - 174[0m
[0mGET /resources/js/notification_engine.js [33m404[0m 5.437 ms - 174[0m
[0mGET /resources/js/notification_engine.js [33m404[0m 1.594 ms - 174[0m
[0mGET /resources/js/notification_engine.js [33m404[0m 7.276 ms - 174[0m
[0mGET /resources/js/notification_engine.js [33m404[0m 0.748 ms - 174[0m
[0mGET /resources/js/notification_engine.js [33m404[0m 0.782 ms - 174[0m
[0mGET /resources/js/notification_engine.js [33m404[0m 0.547 ms - 174[0m
[0mGET /resources/js/notification_engine.js [33m404[0m 3.614 ms - 174[0m
[0mGET /resources/js/notification_engine.js [33m404[0m 0.803 ms - 174[0m
[0mGET /resources/js/notification_engine.js [33m404[0m 2.958 ms - 174[0m
[0mGET /resources/js/notification_engine.js [33m404[0m 1.002 ms - 174[0m
[0mGET /resources/js/notification_engine.js [33m404[0m 3.258 ms - 174[0m
[0mGET /resources/js/notification_engine.js [33m404[0m 0.841 ms - 174[0m
[0mGET /resources/js/notification_engine.js [33m404[0m 6.231 ms - 174[0m
[0mGET /resources/js/notification_engine.js [33m404[0m 1.265 ms - 174[0m
[0mGET /resources/js/notification_engine.js [33m404[0m 4.171 ms - 174[0m
[0mGET /resources/js/notification_engine.js [33m404[0m 0.801 ms - 174[0m
[0mGET /resources/js/notification_engine.js [33m404[0m 4.055 ms - 174[0m
[0mGET /resources/js/notification_engine.js [33m404[0m 1.024 ms - 174[0m
[0mGET /resources/js/notification_engine.js [33m404[0m 4.113 ms - 174[0m
[0mGET /resources/js/notification_engine.js [33m404[0m 1.324 ms - 174[0m
[0mGET /resources/js/notification_engine.js [33m404[0m 7.347 ms - 174[0m
[0mGET /resources/js/notification_engine.js [33m404[0m 1.088 ms - 174[0m
[0mGET /resources/js/notification_engine.js [33m404[0m 0.898 ms - 174[0m
[0mGET /resources/js/notification_engine.js [33m404[0m 0.820 ms - 174[0m
[0mGET /resources/js/notification_engine.js [33m404[0m 4.157 ms - 174[0m
[0mGET /resources/js/notification_engine.js [33m404[0m 0.833 ms - 174[0m
[0mGET /resources/js/notification_engine.js [33m404[0m 4.349 ms - 174[0m
[0mGET /resources/js/notification_engine.js [33m404[0m 1.321 ms - 174[0m
[0mGET /resources/js/notification_engine.js [33m404[0m 4.556 ms - 174[0m
[0mGET /resources/js/notification_engine.js [33m404[0m 0.922 ms - 174[0m
[0mGET /resources/js/notification_engine.js [33m404[0m 2.847 ms - 174[0m
[0mGET /resources/js/notification_engine.js [33m404[0m 0.886 ms - 174[0m
[0mGET /resources/js/notification_engine.js [33m404[0m 3.917 ms - 174[0m
[0mGET /resources/js/notification_engine.js [33m404[0m 1.270 ms - 174[0m
[0mGET /resourses/js/notification_engine.js [33m404[0m 5.235 ms - 174[0m
[0mGET /resourses/js/notification_engine.js [33m404[0m 0.949 ms - 174[0m
[0mGET /users/auth/google/index.css [33m404[0m 0.707 ms - 166[0m
[0mGET /users/auth/google/js/notification_engine.js [33m404[0m 0.684 ms - 182[0m
[0mGET /users/auth/google/js/notification_engine.js [33m404[0m 0.590 ms - 182[0m
[0mGET /resourses/js/notification_engine.js [33m404[0m 0.551 ms - 174[0m
[0mGET /resourses/js/notification_engine.js [33m404[0m 0.670 ms - 174[0m
[0mGET /users/auth/google/index.css [33m404[0m 1.551 ms - 166[0m
[0mGET /users/auth/google/js/notification_engine.js [33m404[0m 0.790 ms - 182[0m
[0mGET /users/auth/google/js/notification_engine.js [33m404[0m 1.182 ms - 182[0m
[0mGET /resourses/js/notification_engine.js [33m404[0m 0.865 ms - 174[0m
[0mGET /resourses/js/notification_engine.js [33m404[0m 1.125 ms - 174[0m
[0mGET /resourses/js/notification_engine.js [33m404[0m 0.821 ms - 174[0m
[0mGET /resourses/js/notification_engine.js [33m404[0m 0.496 ms - 174[0m
[0mGET /resourses/js/notification_engine.js [33m404[0m 0.559 ms - 174[0m
[0mGET /resourses/js/notification_engine.js [33m404[0m 1.321 ms - 174[0m
[0mGET /resourses/js/notification_engine.js [33m404[0m 0.843 ms - 174[0m
[0mGET /resourses/js/notification_engine.js [33m404[0m 1.071 ms - 174[0m
[0mGET /resources/js/notification_engine.js [33m404[0m 2.143 ms - 174[0m
[0mGET /resources/js/notification_engine.js [33m404[0m 0.575 ms - 174[0m
[0mGET /resources/js/notification_engine.js [33m404[0m 0.671 ms - 174[0m
[0mGET /resources/js/notification_engine.js [33m404[0m 0.549 ms - 174[0m
[0mGET /resources/js/notification_engine.js [33m404[0m 0.681 ms - 174[0m
[0mGET /resources/js/notification_engine.js [33m404[0m 0.404 ms - 174[0m
[0mGET /resourses/js/notification_engine.js [33m404[0m 0.773 ms - 174[0m
[0mGET /resourses/js/notification_engine.js [33m404[0m 0.658 ms - 174[0m
[0mGET /resourses/js/notification_engine.js [33m404[0m 4.530 ms - 174[0m
[0mGET /resourses/js/notification_engine.js [33m404[0m 0.764 ms - 174[0m
[0mGET /resourses/js/notification_engine.js [33m404[0m 0.718 ms - 174[0m
[0mGET /resourses/js/notification_engine.js [33m404[0m 0.892 ms - 174[0m
