[0mGET /resources/upload/js/notification_engine.js [33m404[0m 17.303 ms - 181[0m
[0mGET /resources/upload/js/notification_engine.js [33m404[0m 0.796 ms - 181[0m
[0mGET /resourses/ [33m404[0m 5.360 ms - 149[0m
[0mGET /resourses/ [33m404[0m 0.763 ms - 149[0m
[0mGET /resourses/ [33m404[0m 0.612 ms - 149[0m
[0mGET /resources/upload/js/notification_engine.js [33m404[0m 7.954 ms - 181[0m
[0mGET /resources/upload/js/notification_engine.js [33m404[0m 1.398 ms - 181[0m
[0mGET //uploads/resources/resources-1638277068958.pdf [33m404[0m 3.947 ms - 185[0m
[0mGET /uploads/profilepic/dp-1638364211256.jpeg [33m404[0m 6.166 ms - 179[0m
[0mGET /uploads/profilepic/dp-1638364803269.jpeg [33m404[0m 0.982 ms - 179[0m
[0mGET /uploads/profilepic/dp-1638364806892.jpeg [33m404[0m 0.890 ms - 179[0m
[0mGET /uploads/profilepic/dp-1638364809979.jpeg [33m404[0m 0.574 ms - 179[0m
[0mGET /uploads/profilepic/dp-1638364811196.jpeg [33m404[0m 3.733 ms - 179[0m
[0mGET /uploads/profilepic/dp-1638364811505.jpeg [33m404[0m 1.153 ms - 179[0m
[0mGET /uploads/profilepic/dp-1638364811747.jpeg [33m404[0m 0.663 ms - 179[0m
[0mGET /uploads/profilepic/dp-1638364811913.jpeg [33m404[0m 0.640 ms - 179[0m
[0mGET /uploads/profilepic/dp-1638364812107.jpeg [33m404[0m 0.586 ms - 179[0m
[0mGET /uploads/profilepic/dp-1638364812266.jpeg [33m404[0m 0.625 ms - 179[0m
[0mGET /uploads/profilepic/dp-1638364812419.jpeg [33m404[0m 0.425 ms - 179[0m
[0mGET /uploads/profilepic/dp-1638365280509.jpeg [33m404[0m 2.050 ms - 179[0m
[0mGET /uploads/profilepic/dp-1638365285295.jpeg [33m404[0m 1.369 ms - 179[0m
[0mGET /uploads/profilepic/dp-1638365288523.jpeg [33m404[0m 0.441 ms - 179[0m
[0mGET //uploads/eventbanner/eventbanner-1638370697879.png [33m404[0m 2.493 ms - 189[0m
[0mGET /applynow [33m404[0m 3.657 ms - 147[0m
[0mGET /reports [33m404[0m 0.641 ms - 146[0m
[0mGET /home [33m404[0m 0.484 ms - 143[0m
[0mGET /pollpage [33m404[0m 0.408 ms - 147[0m
[0mGET /favicon.ico [33m404[0m 0.463 ms - 150[0m
[0mGET /viewPagePoll/js/notification_engine.js [33m404[0m 4.303 ms - 177[0m
[0mGET /viewPagePoll/js/notification_engine.js [33m404[0m 0.836 ms - 177[0m
[0mGET /PollPageView/61995485b70f373d7c3701f5 [33m404[0m 5.160 ms - 176[0m
[0mGET /viewPagePoll/js/notification_engine.js [33m404[0m 0.621 ms - 177[0m
[0mGET /viewPagePoll/js/notification_engine.js [33m404[0m 0.709 ms - 177[0m
[0mGET /poll/sendpoll/js/notification_engine.js [33m404[0m 0.490 ms - 178[0m
[0mGET /poll/sendpoll/js/notification_engine.js [33m404[0m 0.767 ms - 178[0m
[0mGET //viewPagePoll/61995485b70f373d7c3701f5 [33m404[0m 3.147 ms - 177[0m
[0mGET //viewPagePoll/61995485b70f373d7c3701f5 [33m404[0m 0.777 ms - 177[0m
[0mGET //viewPagePoll/61995485b70f373d7c3701f5 [33m404[0m 4.261 ms - 177[0m
[0mGET //viewPagePoll/61995485b70f373d7c3701f5 [33m404[0m 0.836 ms - 177[0m
[0mGET /viewPagePoll/js/notification_engine.js [33m404[0m 0.446 ms - 177[0m
[0mGET /viewPagePoll/js/notification_engine.js [33m404[0m 0.486 ms - 177[0m
[0mGET /poll/sendpoll/js/notification_engine.js [33m404[0m 0.365 ms - 178[0m
[0mGET /poll/sendpoll/js/notification_engine.js [33m404[0m 0.422 ms - 178[0m
