[0mGET /static/images/cards/contemplative-reptile.jpg [33m404[0m 2.527 ms - 184[0m
[0mGET /static/images/cards/contemplative-reptile.jpg [33m404[0m 1.139 ms - 184[0m
[0mGET /AllEvents [33m404[0m 1.975 ms - 148[0m
[0mGET /AllEvents [33m404[0m 0.708 ms - 148[0m
[0mGET /favicon.ico [33m404[0m 5.607 ms - 150[0m
[0mGET /index.css [33m404[0m 0.979 ms - 148[0m
[0mGET /favicon.ico [33m404[0m 4.088 ms - 150[0m
[0mGET /index.css [33m404[0m 1.042 ms - 148[0m
[0mGET /resources/upload/js/notification_engine.js [33m404[0m 1.310 ms - 181[0m
[0mGET /resources/upload/js/notification_engine.js [33m404[0m 1.863 ms - 181[0m
[0mGET /resourses/js/notification_engine.js [33m404[0m 0.562 ms - 174[0m
[0mGET /resourses/js/notification_engine.js [33m404[0m 0.476 ms - 174[0m
[0mGET /fileresources/js/notification_engine.js [33m404[0m 0.631 ms - 178[0m
[0mGET /fileresources/js/notification_engine.js [33m404[0m 2.106 ms - 178[0m
[0mGET /fileresources/js/notification_engine.js [33m404[0m 2.730 ms - 178[0m
[0mGET /fileresources/js/notification_engine.js [33m404[0m 0.600 ms - 178[0m
[0mGET /fileresources/js/notification_engine.js [33m404[0m 0.447 ms - 178[0m
[0mGET /fileresources/js/notification_engine.js [33m404[0m 0.581 ms - 178[0m
[0mGET /fileresources/js/notification_engine.js [33m404[0m 0.474 ms - 178[0m
[0mGET /fileresources/js/notification_engine.js [33m404[0m 0.739 ms - 178[0m
[0mGET /fileresources/js/notification_engine.js [33m404[0m 0.794 ms - 178[0m
[0mGET /fileresources/js/notification_engine.js [33m404[0m 0.585 ms - 178[0m
[0mGET /resources/upload/js/notification_engine.js [33m404[0m 1.195 ms - 181[0m
[0mGET /resources/upload/js/notification_engine.js [33m404[0m 2.409 ms - 181[0m
[0mGET /index.css [33m404[0m 2.742 ms - 148[0m
