[0mGET /uploads/eventbanner/eventbanner-1642232358089.png [33m404[0m 3.613 ms - 188[0m
[0mGET /uploads/eventbanner/eventbanner-1645374734403.jpeg [33m404[0m 5.078 ms - 189[0m
[0mGET /uploads/eventbanner/eventbanner-1645726715237.jpeg [33m404[0m 6.611 ms - 189[0m
[0mGET /uploads/eventbanner/eventbanner-1645355578610.jpeg [33m404[0m 9.033 ms - 189[0m
[0mGET /uploads/eventbanner/eventbanner-1642232358089.png [33m404[0m 3.259 ms - 188[0m
[0mGET /uploads/eventbanner/eventbanner-1645726715237.jpeg [33m404[0m 4.832 ms - 189[0m
[0mGET /uploads/eventbanner/eventbanner-1645355578610.jpeg [33m404[0m 2.852 ms - 189[0m
[0mGET /uploads/eventbanner/eventbanner-1645374734403.jpeg [33m404[0m 5.159 ms - 189[0m
[0mGET /uploads/eventbanner/eventbanner-1645355578610.jpeg [33m404[0m 1.666 ms - 189[0m
[0mGET /uploads/eventbanner/eventbanner-1645726715237.jpeg [33m404[0m 3.356 ms - 189[0m
[0mGET /uploads/eventbanner/eventbanner-1645374734403.jpeg [33m404[0m 4.009 ms - 189[0m
[0mGET /uploads/eventbanner/eventbanner-1642232358089.png [33m404[0m 1.732 ms - 188[0m
[0mGET /uploads/eventbanner/eventbanner-1642232358089.png [33m404[0m 2.690 ms - 188[0m
[0mGET /uploads/eventbanner/eventbanner-1645355578610.jpeg [33m404[0m 6.203 ms - 189[0m
[0mGET /uploads/eventbanner/eventbanner-1645374734403.jpeg [33m404[0m 3.072 ms - 189[0m
[0mGET /uploads/eventbanner/eventbanner-1645726715237.jpeg [33m404[0m 4.564 ms - 189[0m
[0mGET /uploads/profilepic/dp-1645801420233.jpeg [33m404[0m 1.092 ms - 179[0m
[0mGET /uploads/eventbanner/eventbanner-1642232358089.png [33m404[0m 5.171 ms - 188[0m
[0mGET /uploads/eventbanner/eventbanner-1645355578610.jpeg [33m404[0m 4.774 ms - 189[0m
[0mGET /uploads/eventbanner/eventbanner-1645374734403.jpeg [33m404[0m 2.365 ms - 189[0m
[0mGET /uploads/eventbanner/eventbanner-1645726715237.jpeg [33m404[0m 0.601 ms - 189[0m
[0mGET /uploads/eventbanner/eventbanner-1645726715237.jpeg [33m404[0m 5.397 ms - 189[0m
[0mGET /uploads/eventbanner/eventbanner-1645374734403.jpeg [33m404[0m 4.997 ms - 189[0m
[0mGET /uploads/eventbanner/eventbanner-1645355578610.jpeg [33m404[0m 4.019 ms - 189[0m
[0mGET /uploads/eventbanner/eventbanner-1642232358089.png [33m404[0m 6.940 ms - 188[0m
[0mGET /uploads/eventbanner/eventbanner-1645355578610.jpeg [33m404[0m 3.132 ms - 189[0m
[0mGET /uploads/eventbanner/eventbanner-1645374734403.jpeg [33m404[0m 3.884 ms - 189[0m
[0mGET /uploads/eventbanner/eventbanner-1645726715237.jpeg [33m404[0m 2.538 ms - 189[0m
[0mGET /uploads/eventbanner/eventbanner-1645726715237.jpeg [33m404[0m 1.269 ms - 189[0m
[0mGET /uploads/eventbanner/eventbanner-1645374734403.jpeg [33m404[0m 5.388 ms - 189[0m
[0mGET /uploads/eventbanner/eventbanner-1642232358089.png [33m404[0m 2.191 ms - 188[0m
[0mGET /uploads/eventbanner/eventbanner-1645355578610.jpeg [33m404[0m 4.420 ms - 189[0m
[0mGET /uploads/eventbanner/eventbanner-1645374734403.jpeg [33m404[0m 2.269 ms - 189[0m
[0mGET /uploads/eventbanner/eventbanner-1645726715237.jpeg [33m404[0m 4.556 ms - 189[0m
[0mGET /uploads/eventbanner/eventbanner-1645726715237.jpeg [33m404[0m 1.763 ms - 189[0m
[0mGET /uploads/eventbanner/eventbanner-1645374734403.jpeg [33m404[0m 3.018 ms - 189[0m
[0mGET /uploads/eventbanner/eventbanner-1642232358089.png [33m404[0m 10.261 ms - 188[0m
[0mGET /uploads/eventbanner/eventbanner-1645355578610.jpeg [33m404[0m 7.909 ms - 189[0m
[0mGET /uploads/eventbanner/eventbanner-1645374734403.jpeg [33m404[0m 3.690 ms - 189[0m
[0mGET /uploads/eventbanner/eventbanner-1645726715237.jpeg [33m404[0m 7.168 ms - 189[0m
[0mGET /uploads/eventbanner/eventbanner-1645726715237.jpeg [33m404[0m 0.573 ms - 189[0m
[0mGET /uploads/eventbanner/eventbanner-1645374734403.jpeg [33m404[0m 2.006 ms - 189[0m
[0mGET /uploads/eventbanner/eventbanner-1645355578610.jpeg [33m404[0m 1.407 ms - 189[0m
[0mGET /uploads/eventbanner/eventbanner-1645726715237.jpeg [33m404[0m 3.258 ms - 189[0m
[0mGET /uploads/eventbanner/eventbanner-1645374734403.jpeg [33m404[0m 2.054 ms - 189[0m
[0mGET /uploads/eventbanner/eventbanner-1645355578610.jpeg [33m404[0m 0.676 ms - 189[0m
[0mGET /uploads/eventbanner/eventbanner-1642232358089.png [33m404[0m 2.783 ms - 188[0m
[0mGET /uploads/eventbanner/eventbanner-1645355578610.jpeg [33m404[0m 2.477 ms - 189[0m
[0mGET /uploads/eventbanner/eventbanner-1645374734403.jpeg [33m404[0m 2.233 ms - 189[0m
[0mGET /uploads/eventbanner/eventbanner-1645726715237.jpeg [33m404[0m 3.812 ms - 189[0m
[0mGET /uploads/eventbanner/eventbanner-1645726715237.jpeg [33m404[0m 1.309 ms - 189[0m
[0mGET /uploads/eventbanner/eventbanner-1645374734403.jpeg [33m404[0m 6.267 ms - 189[0m
[0mGET /uploads/eventbanner/eventbanner-1645355578610.jpeg [33m404[0m 8.408 ms - 189[0m
[0mGET /uploads/eventbanner/eventbanner-1645726715237.jpeg [33m404[0m 1.443 ms - 189[0m
[0mGET /uploads/eventbanner/eventbanner-1645374734403.jpeg [33m404[0m 1.824 ms - 189[0m
[0mGET /uploads/eventbanner/eventbanner-1645355578610.jpeg [33m404[0m 3.872 ms - 189[0m
[0mGET /uploads/eventbanner/eventbanner-1645355578610.jpeg [33m404[0m 2.109 ms - 189[0m
[0mGET /uploads/eventbanner/eventbanner-1645726715237.jpeg [33m404[0m 1.201 ms - 189[0m
[0mGET /uploads/eventbanner/eventbanner-1645374734403.jpeg [33m404[0m 3.305 ms - 189[0m
[0mGET /uploads/eventbanner/eventbanner-1645726715237.jpeg [33m404[0m 1.838 ms - 189[0m
[0mGET /uploads/eventbanner/eventbanner-1645374734403.jpeg [33m404[0m 2.021 ms - 189[0m
[0mGET /uploads/eventbanner/eventbanner-1645355578610.jpeg [33m404[0m 1.022 ms - 189[0m
[0mGET /uploads/eventbanner/eventbanner-1645355578610.jpeg [33m404[0m 1.856 ms - 189[0m
[0mGET /uploads/eventbanner/eventbanner-1645726715237.jpeg [33m404[0m 1.913 ms - 189[0m
[0mGET /uploads/eventbanner/eventbanner-1645374734403.jpeg [33m404[0m 2.227 ms - 189[0m
[0mGET /uploads/eventbanner/eventbanner-1645726715237.jpeg [33m404[0m 0.982 ms - 189[0m
[0mGET /uploads/eventbanner/eventbanner-1645374734403.jpeg [33m404[0m 2.008 ms - 189[0m
[0mGET /uploads/eventbanner/eventbanner-1645355578610.jpeg [33m404[0m 4.072 ms - 189[0m
[0mGET /uploads/eventbanner/eventbanner-1645726715237.jpeg [33m404[0m 1.459 ms - 189[0m
[0mGET /uploads/eventbanner/eventbanner-1645374734403.jpeg [33m404[0m 2.829 ms - 189[0m
[0mGET /uploads/eventbanner/eventbanner-1645355578610.jpeg [33m404[0m 1.695 ms - 189[0m
[0mGET /uploads/eventbanner/eventbanner-1642232358089.png [33m404[0m 2.924 ms - 188[0m
[0mGET /uploads/eventbanner/eventbanner-1645355578610.jpeg [33m404[0m 1.125 ms - 189[0m
[0mGET /uploads/eventbanner/eventbanner-1645374734403.jpeg [33m404[0m 3.218 ms - 189[0m
[0mGET /uploads/eventbanner/eventbanner-1645726715237.jpeg [33m404[0m 5.428 ms - 189[0m
[0mGET /uploads/eventbanner/eventbanner-1645726715237.jpeg [33m404[0m 3.146 ms - 189[0m
[0mGET /uploads/eventbanner/eventbanner-1645374734403.jpeg [33m404[0m 2.491 ms - 189[0m
[0mGET /uploads/eventbanner/eventbanner-1645355578610.jpeg [33m404[0m 4.224 ms - 189[0m
[0mGET /uploads/eventbanner/eventbanner-1645726715237.jpeg [33m404[0m 0.971 ms - 189[0m
[0mGET /uploads/eventbanner/eventbanner-1645374734403.jpeg [33m404[0m 2.411 ms - 189[0m
[0mGET /uploads/eventbanner/eventbanner-1645355578610.jpeg [33m404[0m 0.594 ms - 189[0m
[0mGET /uploads/eventbanner/eventbanner-1645726715237.jpeg [33m404[0m 4.456 ms - 189[0m
[0mGET /uploads/eventbanner/eventbanner-1645374734403.jpeg [33m404[0m 2.438 ms - 189[0m
[0mGET /uploads/eventbanner/eventbanner-1645355578610.jpeg [33m404[0m 1.288 ms - 189[0m
[0mGET /uploads/eventbanner/eventbanner-1645726715237.jpeg [33m404[0m 9.101 ms - 189[0m
[0mGET /uploads/eventbanner/eventbanner-1645374734403.jpeg [33m404[0m 9.717 ms - 189[0m
[0mGET /uploads/eventbanner/eventbanner-1645355578610.jpeg [33m404[0m 6.938 ms - 189[0m
[0mGET /uploads/eventbanner/eventbanner-1645726715237.jpeg [33m404[0m 1.737 ms - 189[0m
[0mGET /uploads/eventbanner/eventbanner-1645374734403.jpeg [33m404[0m 1.733 ms - 189[0m
[0mGET /uploads/eventbanner/eventbanner-1645355578610.jpeg [33m404[0m 3.973 ms - 189[0m
[0mGET /uploads/eventbanner/eventbanner-1645726715237.jpeg [33m404[0m 3.203 ms - 189[0m
[0mGET /uploads/eventbanner/eventbanner-1645374734403.jpeg [33m404[0m 2.705 ms - 189[0m
[0mGET /uploads/eventbanner/eventbanner-1645355578610.jpeg [33m404[0m 1.323 ms - 189[0m
[0mGET /uploads/eventbanner/eventbanner-1645726715237.jpeg [33m404[0m 1.408 ms - 189[0m
[0mGET /uploads/eventbanner/eventbanner-1645374734403.jpeg [33m404[0m 1.016 ms - 189[0m
[0mGET /uploads/eventbanner/eventbanner-1645355578610.jpeg [33m404[0m 2.574 ms - 189[0m
[0mGET /uploads/eventbanner/eventbanner-1645726715237.jpeg [33m404[0m 3.060 ms - 189[0m
[0mGET /uploads/eventbanner/eventbanner-1645374734403.jpeg [33m404[0m 1.464 ms - 189[0m
[0mGET /uploads/eventbanner/eventbanner-1645355578610.jpeg [33m404[0m 1.600 ms - 189[0m
[0mGET /uploads/eventbanner/eventbanner-1645355578610.jpeg [33m404[0m 1.649 ms - 189[0m
[0mGET /uploads/eventbanner/eventbanner-1645726715237.jpeg [33m404[0m 3.582 ms - 189[0m
[0mGET /uploads/eventbanner/eventbanner-1645374734403.jpeg [33m404[0m 1.021 ms - 189[0m
[0mGET /uploads/eventbanner/eventbanner-1645374734403.jpeg [33m404[0m 1.983 ms - 189[0m
[0mGET /uploads/eventbanner/eventbanner-1645726715237.jpeg [33m404[0m 2.206 ms - 189[0m
[0mGET /uploads/eventbanner/eventbanner-1645355578610.jpeg [33m404[0m 1.442 ms - 189[0m
[0mGET /uploads/eventbanner/eventbanner-1645355578610.jpeg [33m404[0m 1.432 ms - 189[0m
[0mGET /uploads/eventbanner/eventbanner-1645726715237.jpeg [33m404[0m 1.918 ms - 189[0m
[0mGET /uploads/eventbanner/eventbanner-1645374734403.jpeg [33m404[0m 3.186 ms - 189[0m
[0mGET /uploads/eventbanner/eventbanner-1645726715237.jpeg [33m404[0m 1.847 ms - 189[0m
[0mGET /uploads/eventbanner/eventbanner-1645374734403.jpeg [33m404[0m 1.717 ms - 189[0m
[0mGET /uploads/eventbanner/eventbanner-1645355578610.jpeg [33m404[0m 2.495 ms - 189[0m
[0mGET /uploads/eventbanner/eventbanner-1645726715237.jpeg [33m404[0m 6.907 ms - 189[0m
[0mGET /uploads/eventbanner/eventbanner-1645374734403.jpeg [33m404[0m 5.538 ms - 189[0m
[0mGET /uploads/eventbanner/eventbanner-1645355578610.jpeg [33m404[0m 3.703 ms - 189[0m
[0mGET /uploads/eventbanner/eventbanner-1645726715237.jpeg [33m404[0m 2.755 ms - 189[0m
[0mGET /uploads/eventbanner/eventbanner-1645374734403.jpeg [33m404[0m 2.335 ms - 189[0m
[0mGET /uploads/eventbanner/eventbanner-1645355578610.jpeg [33m404[0m 1.464 ms - 189[0m
[0mGET /uploads/eventbanner/eventbanner-1645726715237.jpeg [33m404[0m 4.570 ms - 189[0m
[0mGET /uploads/eventbanner/eventbanner-1645374734403.jpeg [33m404[0m 2.290 ms - 189[0m
[0mGET /uploads/eventbanner/eventbanner-1645355578610.jpeg [33m404[0m 3.591 ms - 189[0m
[0mGET /uploads/eventbanner/eventbanner-1645726715237.jpeg [33m404[0m 59.844 ms - 189[0m
[0mGET /uploads/eventbanner/eventbanner-1645374734403.jpeg [33m404[0m 1.306 ms - 189[0m
[0mGET /uploads/eventbanner/eventbanner-1645355578610.jpeg [33m404[0m 127.772 ms - 189[0m
[0mGET /uploads/eventbanner/eventbanner-1645726715237.jpeg [33m404[0m 3.039 ms - 189[0m
[0mGET /uploads/eventbanner/eventbanner-1645374734403.jpeg [33m404[0m 0.897 ms - 189[0m
[0mGET /uploads/eventbanner/eventbanner-1645355578610.jpeg [33m404[0m 1.104 ms - 189[0m
[0mGET /uploads/eventbanner/eventbanner-1645726715237.jpeg [33m404[0m 2.002 ms - 189[0m
[0mGET /uploads/eventbanner/eventbanner-1645374734403.jpeg [33m404[0m 8.759 ms - 189[0m
[0mGET /uploads/eventbanner/eventbanner-1645355578610.jpeg [33m404[0m 3.126 ms - 189[0m
[0mGET /uploads/eventbanner/eventbanner-1645726715237.jpeg [33m404[0m 4.460 ms - 189[0m
[0mGET /uploads/eventbanner/eventbanner-1645374734403.jpeg [33m404[0m 3.746 ms - 189[0m
[0mGET /uploads/eventbanner/eventbanner-1645355578610.jpeg [33m404[0m 1.206 ms - 189[0m
[0mGET /uploads/eventbanner/eventbanner-1645726715237.jpeg [33m404[0m 1.824 ms - 189[0m
[0mGET /uploads/eventbanner/eventbanner-1645374734403.jpeg [33m404[0m 2.878 ms - 189[0m
[0mGET /uploads/eventbanner/eventbanner-1645355578610.jpeg [33m404[0m 1.436 ms - 189[0m
[0mGET /uploads/profilepic/dp-1645801420233.jpeg [33m404[0m 1.008 ms - 179[0m
[0mGET /uploads/profilepic/dp-1645801420233.jpeg [33m404[0m 0.653 ms - 179[0m
[0mGET /uploads/profilepic/dp-1645801420233.jpeg [33m404[0m 0.672 ms - 179[0m
[0mGET /uploads/eventbanner/eventbanner-1645726715237.jpeg [33m404[0m 3.120 ms - 189[0m
[0mGET /uploads/eventbanner/eventbanner-1645374734403.jpeg [33m404[0m 4.708 ms - 189[0m
[0mGET /uploads/eventbanner/eventbanner-1645355578610.jpeg [33m404[0m 3.517 ms - 189[0m
[0mGET /uploads/profilepic/dp-1645801420233.jpeg [33m404[0m 0.801 ms - 179[0m
[0mGET /uploads/eventbanner/eventbanner-1645726715237.jpeg [33m404[0m 1.524 ms - 189[0m
[0mGET /uploads/eventbanner/eventbanner-1645374734403.jpeg [33m404[0m 2.300 ms - 189[0m
[0mGET /uploads/eventbanner/eventbanner-1645355578610.jpeg [33m404[0m 4.947 ms - 189[0m
[0mGET /uploads/profilepic/dp-1645801420233.jpeg [33m404[0m 0.799 ms - 179[0m
[0mGET /uploads/profilepic/dp-1645801420233.jpeg [33m404[0m 5.852 ms - 179[0m
[0mGET /uploads/profilepic/dp-1645801420233.jpeg [33m404[0m 0.706 ms - 179[0m
[0mGET /uploads/profilepic/dp-1645801420233.jpeg [33m404[0m 2.924 ms - 179[0m
[0mGET /uploads/profilepic/dp-1645801420233.jpeg [33m404[0m 1.344 ms - 179[0m
[0mGET /uploads/profilepic/dp-1645801420233.jpeg [33m404[0m 0.640 ms - 179[0m
[0mGET /uploads/eventbanner/eventbanner-1645726715237.jpeg [33m404[0m 10.695 ms - 189[0m
[0mGET /uploads/eventbanner/eventbanner-1645374734403.jpeg [33m404[0m 11.692 ms - 189[0m
[0mGET /uploads/eventbanner/eventbanner-1645355578610.jpeg [33m404[0m 1.471 ms - 189[0m
[0mGET /uploads/profilepic/dp-1645801420233.jpeg [33m404[0m 0.782 ms - 179[0m
[0mGET /uploads/profilepic/dp-1645801420233.jpeg [33m404[0m 0.706 ms - 179[0m
[0mGET /uploads/eventbanner/eventbanner-1645726715237.jpeg [33m404[0m 8.440 ms - 189[0m
[0mGET /uploads/eventbanner/eventbanner-1645374734403.jpeg [33m404[0m 1.598 ms - 189[0m
[0mGET /uploads/eventbanner/eventbanner-1645355578610.jpeg [33m404[0m 4.901 ms - 189[0m
[0mGET /uploads/eventbanner/eventbanner-1645726715237.jpeg [33m404[0m 2.073 ms - 189[0m
[0mGET /uploads/eventbanner/eventbanner-1645374734403.jpeg [33m404[0m 2.329 ms - 189[0m
[0mGET /uploads/eventbanner/eventbanner-1645355578610.jpeg [33m404[0m 2.099 ms - 189[0m
[0mGET /uploads/eventbanner/eventbanner-1645726715237.jpeg [33m404[0m 1.116 ms - 189[0m
[0mGET /uploads/eventbanner/eventbanner-1645374734403.jpeg [33m404[0m 0.687 ms - 189[0m
[0mGET /uploads/eventbanner/eventbanner-1645355578610.jpeg [33m404[0m 0.734 ms - 189[0m
[0mGET /uploads/eventbanner/eventbanner-1645726715237.jpeg [33m404[0m 6.205 ms - 189[0m
[0mGET /uploads/eventbanner/eventbanner-1645374734403.jpeg [33m404[0m 1.639 ms - 189[0m
[0mGET /uploads/eventbanner/eventbanner-1645355578610.jpeg [33m404[0m 0.697 ms - 189[0m
[0mGET /uploads/profilepic/dp-1645801420233.jpeg [33m404[0m 0.681 ms - 179[0m
[0mGET /uploads/eventbanner/eventbanner-1645726715237.jpeg [33m404[0m 13.045 ms - 189[0m
[0mGET /uploads/eventbanner/eventbanner-1645374734403.jpeg [33m404[0m 6.470 ms - 189[0m
[0mGET /uploads/eventbanner/eventbanner-1645355578610.jpeg [33m404[0m 9.524 ms - 189[0m
[0mGET /uploads/eventbanner/eventbanner-1645726715237.jpeg [33m404[0m 1.197 ms - 189[0m
[0mGET /uploads/eventbanner/eventbanner-1645374734403.jpeg [33m404[0m 4.012 ms - 189[0m
[0mGET /uploads/eventbanner/eventbanner-1645355578610.jpeg [33m404[0m 6.368 ms - 189[0m
[0mGET /uploads/eventbanner/eventbanner-1645355578610.jpeg [33m404[0m 0.728 ms - 189[0m
[0mGET /uploads/eventbanner/eventbanner-1645726715237.jpeg [33m404[0m 0.721 ms - 189[0m
[0mGET /uploads/eventbanner/eventbanner-1645374734403.jpeg [33m404[0m 0.764 ms - 189[0m
[0mGET /uploads/eventbanner/eventbanner-1645726715237.jpeg [33m404[0m 2.042 ms - 189[0m
[0mGET /uploads/eventbanner/eventbanner-1645374734403.jpeg [33m404[0m 1.232 ms - 189[0m
[0mGET /uploads/eventbanner/eventbanner-1645355578610.jpeg [33m404[0m 3.212 ms - 189[0m
[0mGET /uploads/eventbanner/eventbanner-1645726715237.jpeg [33m404[0m 0.718 ms - 189[0m
[0mGET /uploads/eventbanner/eventbanner-1645374734403.jpeg [33m404[0m 0.604 ms - 189[0m
[0mGET /uploads/eventbanner/eventbanner-1645355578610.jpeg [33m404[0m 0.640 ms - 189[0m
[0mGET /uploads/eventbanner/eventbanner-1645726715237.jpeg [33m404[0m 1.367 ms - 189[0m
[0mGET /uploads/eventbanner/eventbanner-1645374734403.jpeg [33m404[0m 3.467 ms - 189[0m
[0mGET /uploads/eventbanner/eventbanner-1645355578610.jpeg [33m404[0m 1.641 ms - 189[0m
[0mGET /uploads/eventbanner/eventbanner-1645726715237.jpeg [33m404[0m 3.100 ms - 189[0m
[0mGET /uploads/eventbanner/eventbanner-1645374734403.jpeg [33m404[0m 4.829 ms - 189[0m
[0mGET /uploads/eventbanner/eventbanner-1645355578610.jpeg [33m404[0m 0.829 ms - 189[0m
[0mGET /uploads/eventbanner/eventbanner-1645726715237.jpeg [33m404[0m 1.380 ms - 189[0m
[0mGET /uploads/eventbanner/eventbanner-1645374734403.jpeg [33m404[0m 1.688 ms - 189[0m
[0mGET /uploads/eventbanner/eventbanner-1645355578610.jpeg [33m404[0m 2.961 ms - 189[0m
[0mGET /uploads/eventbanner/eventbanner-1645726715237.jpeg [33m404[0m 5.994 ms - 189[0m
[0mGET /uploads/eventbanner/eventbanner-1645374734403.jpeg [33m404[0m 1.353 ms - 189[0m
[0mGET /uploads/eventbanner/eventbanner-1645355578610.jpeg [33m404[0m 2.707 ms - 189[0m
[0mGET /uploads/eventbanner/eventbanner-1645726715237.jpeg [33m404[0m 4.992 ms - 189[0m
[0mGET /uploads/eventbanner/eventbanner-1645374734403.jpeg [33m404[0m 6.517 ms - 189[0m
[0mGET /uploads/eventbanner/eventbanner-1645355578610.jpeg [33m404[0m 1.629 ms - 189[0m
[0mGET /uploads/eventbanner/eventbanner-1645726715237.jpeg [33m404[0m 2.097 ms - 189[0m
[0mGET /uploads/eventbanner/eventbanner-1645374734403.jpeg [33m404[0m 2.413 ms - 189[0m
[0mGET /uploads/eventbanner/eventbanner-1645355578610.jpeg [33m404[0m 2.008 ms - 189[0m
[0mGET /uploads/eventbanner/eventbanner-1645726715237.jpeg [33m404[0m 0.668 ms - 189[0m
[0mGET /uploads/eventbanner/eventbanner-1645374734403.jpeg [33m404[0m 1.030 ms - 189[0m
[0mGET /uploads/eventbanner/eventbanner-1645355578610.jpeg [33m404[0m 1.370 ms - 189[0m
[0mGET /uploads/eventbanner/eventbanner-1645726715237.jpeg [33m404[0m 0.719 ms - 189[0m
[0mGET /uploads/eventbanner/eventbanner-1645374734403.jpeg [33m404[0m 0.836 ms - 189[0m
[0mGET /uploads/eventbanner/eventbanner-1645355578610.jpeg [33m404[0m 0.973 ms - 189[0m
[0mGET /uploads/eventbanner/eventbanner-1645726715237.jpeg [33m404[0m 2.175 ms - 189[0m
[0mGET /uploads/eventbanner/eventbanner-1645374734403.jpeg [33m404[0m 4.740 ms - 189[0m
[0mGET /uploads/eventbanner/eventbanner-1645355578610.jpeg [33m404[0m 2.059 ms - 189[0m
[0mGET /uploads/eventbanner/eventbanner-1645726715237.jpeg [33m404[0m 1.056 ms - 189[0m
[0mGET /uploads/eventbanner/eventbanner-1645374734403.jpeg [33m404[0m 2.473 ms - 189[0m
[0mGET /uploads/eventbanner/eventbanner-1645355578610.jpeg [33m404[0m 2.146 ms - 189[0m
[0mGET /uploads/eventbanner/eventbanner-1645726715237.jpeg [33m404[0m 1.368 ms - 189[0m
[0mGET /uploads/eventbanner/eventbanner-1645374734403.jpeg [33m404[0m 3.095 ms - 189[0m
[0mGET /uploads/eventbanner/eventbanner-1645355578610.jpeg [33m404[0m 0.824 ms - 189[0m
[0mGET /uploads/eventbanner/eventbanner-1645726715237.jpeg [33m404[0m 1.853 ms - 189[0m
[0mGET /uploads/eventbanner/eventbanner-1645374734403.jpeg [33m404[0m 2.243 ms - 189[0m
[0mGET /uploads/eventbanner/eventbanner-1645355578610.jpeg [33m404[0m 1.777 ms - 189[0m
[0mGET /uploads/eventbanner/eventbanner-1642232358089.png [33m404[0m 2.415 ms - 188[0m
[0mGET /uploads/eventbanner/eventbanner-1645355578610.jpeg [33m404[0m 2.195 ms - 189[0m
[0mGET /uploads/eventbanner/eventbanner-1645374734403.jpeg [33m404[0m 4.446 ms - 189[0m
[0mGET /uploads/eventbanner/eventbanner-1645726715237.jpeg [33m404[0m 5.668 ms - 189[0m
[0mGET /uploads/eventbanner/eventbanner-1642232358089.png [33m404[0m 11.805 ms - 188[0m
[0mGET /uploads/eventbanner/eventbanner-1645355578610.jpeg [33m404[0m 2.650 ms - 189[0m
[0mGET /uploads/eventbanner/eventbanner-1645374734403.jpeg [33m404[0m 2.512 ms - 189[0m
[0mGET /uploads/eventbanner/eventbanner-1645726715237.jpeg [33m404[0m 4.389 ms - 189[0m
[0mGET /favicon.ico [33m404[0m 0.575 ms - 150[0m
[0mGET /uploads/eventbanner/eventbanner-1645726715237.jpeg [33m404[0m 3.106 ms - 189[0m
[0mGET /uploads/eventbanner/eventbanner-1645374734403.jpeg [33m404[0m 1.325 ms - 189[0m
[0mGET /uploads/eventbanner/eventbanner-1645355578610.jpeg [33m404[0m 2.282 ms - 189[0m
[0mGET /uploads/profilepic/dp-1645801420233.jpeg [33m404[0m 0.686 ms - 179[0m
[0mGET /uploads/profilepic/dp-1645801420233.jpeg [33m404[0m 0.446 ms - 179[0m
[0mGET /uploads/profilepic/dp-1645801420233.jpeg [33m404[0m 0.450 ms - 179[0m
[0mGET /uploads/profilepic/dp-1645801420233.jpeg [33m404[0m 0.478 ms - 179[0m
[0mGET /uploads/eventbanner/eventbanner-1645726715237.jpeg [33m404[0m 3.043 ms - 189[0m
[0mGET /uploads/eventbanner/eventbanner-1645374734403.jpeg [33m404[0m 3.146 ms - 189[0m
[0mGET /uploads/eventbanner/eventbanner-1645355578610.jpeg [33m404[0m 0.985 ms - 189[0m
[0mGET /uploads/profilepic/dp-1645801420233.jpeg [33m404[0m 0.611 ms - 179[0m
[0mGET /uploads/profilepic/dp-1645801420233.jpeg [33m404[0m 0.637 ms - 179[0m
[0mGET /uploads/profilepic/dp-1645801420233.jpeg [33m404[0m 0.550 ms - 179[0m
[0mGET /uploads/eventbanner/eventbanner-1645374734403.jpeg [33m404[0m 4.139 ms - 189[0m
[0mGET /uploads/eventbanner/eventbanner-1645355578610.jpeg [33m404[0m 4.143 ms - 189[0m
[0mGET /uploads/eventbanner/eventbanner-1645726715237.jpeg [33m404[0m 6.334 ms - 189[0m
[0mGET /uploads/eventbanner/eventbanner-1645726715237.jpeg [33m404[0m 3.941 ms - 189[0m
[0mGET /uploads/eventbanner/eventbanner-1645374734403.jpeg [33m404[0m 0.522 ms - 189[0m
[0mGET /uploads/eventbanner/eventbanner-1645355578610.jpeg [33m404[0m 0.866 ms - 189[0m
[0mGET /uploads/eventbanner/eventbanner-1645726715237.jpeg [33m404[0m 4.354 ms - 189[0m
[0mGET /uploads/eventbanner/eventbanner-1645374734403.jpeg [33m404[0m 2.426 ms - 189[0m
[0mGET /uploads/eventbanner/eventbanner-1645355578610.jpeg [33m404[0m 4.313 ms - 189[0m
[0mGET /uploads/eventbanner/eventbanner-1645726715237.jpeg [33m404[0m 2.189 ms - 189[0m
[0mGET /uploads/eventbanner/eventbanner-1645374734403.jpeg [33m404[0m 4.906 ms - 189[0m
[0mGET /uploads/eventbanner/eventbanner-1645355578610.jpeg [33m404[0m 6.389 ms - 189[0m
[0mGET /uploads/profilepic/dp-1645801420233.jpeg [33m404[0m 0.624 ms - 179[0m
[0mGET /uploads/profilepic/dp-1645801420233.jpeg [33m404[0m 0.678 ms - 179[0m
[0mGET /uploads/profilepic/dp-1645801420233.jpeg [33m404[0m 2.116 ms - 179[0m
[0mGET /uploads/profilepic/dp-1645801420233.jpeg [33m404[0m 0.883 ms - 179[0m
[0mGET /uploads/eventbanner/eventbanner-1645726715237.jpeg [33m404[0m 10.304 ms - 189[0m
[0mGET /uploads/eventbanner/eventbanner-1645374734403.jpeg [33m404[0m 5.443 ms - 189[0m
[0mGET /uploads/eventbanner/eventbanner-1645355578610.jpeg [33m404[0m 6.999 ms - 189[0m
[0mGET /uploads/questionsetters/questions/questions-1642232599306.pdf [33m404[0m 2.283 ms - 200[0m
[0mGET /uploads/questionsetters/questions/questions-1645379462187.pdf [33m404[0m 0.969 ms - 200[0m
[0mGET /uploads/questionsetters/questions/questions-1638273722400.pdf [33m404[0m 0.679 ms - 200[0m
[0mGET /uploads/questionsetters/questions/questions-1645384334383.pdf [33m404[0m 0.706 ms - 200[0m
[0mGET /favicon.ico [33m404[0m 0.862 ms - 150[0m
