::1 - - [25/Sep/2021:18:33:21 +0000] "GET /index.css HTTP/1.1" 404 148 "http://localhost:3000/dashboard" "Mozilla/5.0 (Linux; Android 5.0; SM-G900P Build/LRX21T) AppleWebKit/537.36 (KHTML, like Gecko) Chrome/93.0.4577.82 Mobile Safari/537.36"
::1 - - [25/Sep/2021:18:36:19 +0000] "GET /index.css HTTP/1.1" 404 148 "http://localhost:3000/dashboard" "Mozilla/5.0 (Linux; Android 5.0; SM-G900P Build/LRX21T) AppleWebKit/537.36 (KHTML, like Gecko) Chrome/93.0.4577.82 Mobile Safari/537.36"
::1 - - [25/Sep/2021:18:36:19 +0000] "GET /js/notification_engine-0568a3af86.js HTTP/1.1" 404 175 "http://localhost:3000/dashboard" "Mozilla/5.0 (Linux; Android 5.0; SM-G900P Build/LRX21T) AppleWebKit/537.36 (KHTML, like Gecko) Chrome/93.0.4577.82 Mobile Safari/537.36"
::1 - - [25/Sep/2021:18:36:20 +0000] "GET /js/notification_engine-0568a3af86.js HTTP/1.1" 404 175 "http://localhost:3000/dashboard" "Mozilla/5.0 (Linux; Android 5.0; SM-G900P Build/LRX21T) AppleWebKit/537.36 (KHTML, like Gecko) Chrome/93.0.4577.82 Mobile Safari/537.36"
::ffff:127.0.0.1 - - [25/Sep/2021:18:38:18 +0000] "GET /index.css HTTP/1.1" 404 148 "http://localhost:3000/dashboard" "Mozilla/5.0 (Windows NT 10.0; Win64; x64) AppleWebKit/537.36 (KHTML, like Gecko) Chrome/93.0.4577.82 Safari/537.36"
::ffff:127.0.0.1 - - [25/Sep/2021:18:38:22 +0000] "GET /index.css HTTP/1.1" 404 148 "http://localhost:3000/dashboard" "Mozilla/5.0 (Windows NT 10.0; Win64; x64) AppleWebKit/537.36 (KHTML, like Gecko) Chrome/93.0.4577.82 Safari/537.36"
::1 - - [25/Sep/2021:18:49:20 +0000] "GET /index.css HTTP/1.1" 404 148 "http://localhost:3000/dashboard" "Mozilla/5.0 (Linux; Android 5.0; SM-G900P Build/LRX21T) AppleWebKit/537.36 (KHTML, like Gecko) Chrome/93.0.4577.82 Mobile Safari/537.36"
::1 - - [25/Sep/2021:18:50:33 +0000] "GET /index.css HTTP/1.1" 404 148 "http://localhost:3000/dashboard" "Mozilla/5.0 (Linux; Android 5.0; SM-G900P Build/LRX21T) AppleWebKit/537.36 (KHTML, like Gecko) Chrome/93.0.4577.82 Mobile Safari/537.36"
::1 - - [25/Sep/2021:18:51:15 +0000] "GET /index.css HTTP/1.1" 404 148 "http://localhost:3000/dashboard" "Mozilla/5.0 (Linux; Android 5.0; SM-G900P Build/LRX21T) AppleWebKit/537.36 (KHTML, like Gecko) Chrome/93.0.4577.82 Mobile Safari/537.36"
::1 - - [25/Sep/2021:19:03:21 +0000] "GET /index.css HTTP/1.1" 404 148 "http://localhost:3000/dashboard" "Mozilla/5.0 (Linux; Android 5.0; SM-G900P Build/LRX21T) AppleWebKit/537.36 (KHTML, like Gecko) Chrome/93.0.4577.82 Mobile Safari/537.36"
::1 - - [25/Sep/2021:19:03:44 +0000] "GET /notification_engine.js HTTP/1.1" 404 161 "http://localhost:3000/dashboard" "Mozilla/5.0 (Linux; Android 5.0; SM-G900P Build/LRX21T) AppleWebKit/537.36 (KHTML, like Gecko) Chrome/93.0.4577.82 Mobile Safari/537.36"
::1 - - [25/Sep/2021:19:03:44 +0000] "GET /index.css HTTP/1.1" 404 148 "http://localhost:3000/dashboard" "Mozilla/5.0 (Linux; Android 5.0; SM-G900P Build/LRX21T) AppleWebKit/537.36 (KHTML, like Gecko) Chrome/93.0.4577.82 Mobile Safari/537.36"
::1 - - [25/Sep/2021:19:03:45 +0000] "GET /notification_engine.js HTTP/1.1" 404 161 "http://localhost:3000/dashboard" "Mozilla/5.0 (Linux; Android 5.0; SM-G900P Build/LRX21T) AppleWebKit/537.36 (KHTML, like Gecko) Chrome/93.0.4577.82 Mobile Safari/537.36"
::1 - - [25/Sep/2021:19:06:41 +0000] "GET /index.css HTTP/1.1" 404 148 "http://localhost:3000/UpcomingEvents" "Mozilla/5.0 (Windows NT 10.0; Win64; x64) AppleWebKit/537.36 (KHTML, like Gecko) Chrome/93.0.4577.82 Safari/537.36"
::1 - - [25/Sep/2021:19:08:28 +0000] "GET /index.css HTTP/1.1" 404 148 "http://localhost:3000/UpcomingEvents" "Mozilla/5.0 (Windows NT 10.0; Win64; x64) AppleWebKit/537.36 (KHTML, like Gecko) Chrome/93.0.4577.82 Safari/537.36"
::1 - - [25/Sep/2021:19:08:28 +0000] "GET /js/notification_engine-0568a3af86.js HTTP/1.1" 404 175 "http://localhost:3000/UpcomingEvents" "Mozilla/5.0 (Windows NT 10.0; Win64; x64) AppleWebKit/537.36 (KHTML, like Gecko) Chrome/93.0.4577.82 Safari/537.36"
::1 - - [25/Sep/2021:19:08:28 +0000] "GET /js/notification_engine-0568a3af86.js HTTP/1.1" 404 175 "http://localhost:3000/UpcomingEvents" "Mozilla/5.0 (Windows NT 10.0; Win64; x64) AppleWebKit/537.36 (KHTML, like Gecko) Chrome/93.0.4577.82 Safari/537.36"
::1 - - [25/Sep/2021:19:08:31 +0000] "GET /index.css HTTP/1.1" 404 148 "http://localhost:3000/UpcomingEvents" "Mozilla/5.0 (Windows NT 10.0; Win64; x64) AppleWebKit/537.36 (KHTML, like Gecko) Chrome/93.0.4577.82 Safari/537.36"
::1 - - [25/Sep/2021:19:08:53 +0000] "GET /index.css HTTP/1.1" 404 148 "http://localhost:3000/UpcomingEvents" "Mozilla/5.0 (Linux; Android 5.0; SM-G900P Build/LRX21T) AppleWebKit/537.36 (KHTML, like Gecko) Chrome/93.0.4577.82 Mobile Safari/537.36"
::1 - - [25/Sep/2021:19:12:41 +0000] "GET /applied/614efb4ab9810736c4be8245?appliedRole=MediaLead&userid=614efb4ab9810736c4be8245&reason=g&link1=gdsg HTTP/1.1" 404 171 "http://localhost:3000/applyform" "Mozilla/5.0 (Windows NT 10.0; Win64; x64) AppleWebKit/537.36 (KHTML, like Gecko) Chrome/93.0.4577.82 Safari/537.36"
::1 - - [25/Sep/2021:19:13:24 +0000] "GET /js/apply-c9a04a0510.js HTTP/1.1" 404 161 "http://localhost:3000/applyform" "Mozilla/5.0 (Windows NT 10.0; Win64; x64) AppleWebKit/537.36 (KHTML, like Gecko) Chrome/93.0.4577.82 Safari/537.36"
::1 - - [25/Sep/2021:19:13:25 +0000] "GET /js/apply-c9a04a0510.js HTTP/1.1" 404 161 "http://localhost:3000/applyform" "Mozilla/5.0 (Windows NT 10.0; Win64; x64) AppleWebKit/537.36 (KHTML, like Gecko) Chrome/93.0.4577.82 Safari/537.36"
::1 - - [25/Sep/2021:19:13:31 +0000] "GET /applied/614efb4ab9810736c4be8245?appliedRole=EventsLead&userid=614efb4ab9810736c4be8245&reason=fgfh&link1=ffngn HTTP/1.1" 404 171 "http://localhost:3000/applyform" "Mozilla/5.0 (Windows NT 10.0; Win64; x64) AppleWebKit/537.36 (KHTML, like Gecko) Chrome/93.0.4577.82 Safari/537.36"
::1 - - [25/Sep/2021:19:14:10 +0000] "GET /applied/614efb4ab9810736c4be8245?appliedRole=EventsLead&userid=614efb4ab9810736c4be8245&reason=fgfh&link1=ffngn HTTP/1.1" 404 171 "http://localhost:3000/applyform" "Mozilla/5.0 (Windows NT 10.0; Win64; x64) AppleWebKit/537.36 (KHTML, like Gecko) Chrome/93.0.4577.82 Safari/537.36"
::1 - - [25/Sep/2021:19:14:11 +0000] "GET /applied/614efb4ab9810736c4be8245?appliedRole=EventsLead&userid=614efb4ab9810736c4be8245&reason=fgfh&link1=ffngn HTTP/1.1" 404 171 "http://localhost:3000/applyform" "Mozilla/5.0 (Windows NT 10.0; Win64; x64) AppleWebKit/537.36 (KHTML, like Gecko) Chrome/93.0.4577.82 Safari/537.36"
::1 - - [25/Sep/2021:19:14:16 +0000] "GET /js/apply-c9a04a0510.js HTTP/1.1" 404 161 "http://localhost:3000/applyform" "Mozilla/5.0 (Windows NT 10.0; Win64; x64) AppleWebKit/537.36 (KHTML, like Gecko) Chrome/93.0.4577.82 Safari/537.36"
::1 - - [25/Sep/2021:19:14:17 +0000] "GET /js/apply-c9a04a0510.js HTTP/1.1" 404 161 "http://localhost:3000/applyform" "Mozilla/5.0 (Windows NT 10.0; Win64; x64) AppleWebKit/537.36 (KHTML, like Gecko) Chrome/93.0.4577.82 Safari/537.36"
::1 - - [25/Sep/2021:19:14:17 +0000] "GET /js/apply-c9a04a0510.js HTTP/1.1" 404 161 "http://localhost:3000/applyform" "Mozilla/5.0 (Windows NT 10.0; Win64; x64) AppleWebKit/537.36 (KHTML, like Gecko) Chrome/93.0.4577.82 Safari/537.36"
::1 - - [25/Sep/2021:19:14:31 +0000] "GET /applied/614efb4ab9810736c4be8245?appliedRole=QuestionSetter&userid=614efb4ab9810736c4be8245&reason=cvbnb&link1=b+ HTTP/1.1" 404 171 "http://localhost:3000/applyform" "Mozilla/5.0 (Windows NT 10.0; Win64; x64) AppleWebKit/537.36 (KHTML, like Gecko) Chrome/93.0.4577.82 Safari/537.36"
::1 - - [25/Sep/2021:19:14:57 +0000] "GET /applied/614efb4ab9810736c4be8245?appliedRole=QuestionSetter&userid=614efb4ab9810736c4be8245&reason=cvbnb&link1=b+ HTTP/1.1" 404 171 "http://localhost:3000/applyform" "Mozilla/5.0 (Windows NT 10.0; Win64; x64) AppleWebKit/537.36 (KHTML, like Gecko) Chrome/93.0.4577.82 Safari/537.36"
::1 - - [25/Sep/2021:19:14:58 +0000] "GET /js/apply-c9a04a0510.js HTTP/1.1" 404 161 "http://localhost:3000/applyform" "Mozilla/5.0 (Windows NT 10.0; Win64; x64) AppleWebKit/537.36 (KHTML, like Gecko) Chrome/93.0.4577.82 Safari/537.36"
::1 - - [25/Sep/2021:19:17:55 +0000] "GET /js/apply-c9a04a0510.js HTTP/1.1" 404 161 "http://localhost:3000/applyform" "Mozilla/5.0 (Windows NT 10.0; Win64; x64) AppleWebKit/537.36 (KHTML, like Gecko) Chrome/93.0.4577.82 Safari/537.36"
::1 - - [25/Sep/2021:19:17:56 +0000] "GET /js/apply-c9a04a0510.js HTTP/1.1" 404 161 "http://localhost:3000/applyform" "Mozilla/5.0 (Windows NT 10.0; Win64; x64) AppleWebKit/537.36 (KHTML, like Gecko) Chrome/93.0.4577.82 Safari/537.36"
::1 - - [25/Sep/2021:19:18:02 +0000] "GET /applied/614efb4ab9810736c4be8245?appliedRole=EventsLead&userid=614efb4ab9810736c4be8245&reason=j&link1=jjj HTTP/1.1" 404 171 "http://localhost:3000/applyform" "Mozilla/5.0 (Windows NT 10.0; Win64; x64) AppleWebKit/537.36 (KHTML, like Gecko) Chrome/93.0.4577.82 Safari/537.36"
::1 - - [25/Sep/2021:19:19:16 +0000] "GET /applied/614efb4ab9810736c4be8245?appliedRole=EventsLead&userid=614efb4ab9810736c4be8245&reason=j&link1=jjj HTTP/1.1" 404 171 "http://localhost:3000/applyform" "Mozilla/5.0 (Windows NT 10.0; Win64; x64) AppleWebKit/537.36 (KHTML, like Gecko) Chrome/93.0.4577.82 Safari/537.36"
::1 - - [25/Sep/2021:19:19:17 +0000] "GET /js/apply-c9a04a0510.js HTTP/1.1" 404 161 "http://localhost:3000/applyform" "Mozilla/5.0 (Windows NT 10.0; Win64; x64) AppleWebKit/537.36 (KHTML, like Gecko) Chrome/93.0.4577.82 Safari/537.36"
::1 - - [25/Sep/2021:19:19:21 +0000] "GET /applied/614efb4ab9810736c4be8245?appliedRole=Choose+a+Role&userid=614efb4ab9810736c4be8245&reason=j&link1=jjj HTTP/1.1" 404 171 "http://localhost:3000/applyform" "Mozilla/5.0 (Windows NT 10.0; Win64; x64) AppleWebKit/537.36 (KHTML, like Gecko) Chrome/93.0.4577.82 Safari/537.36"
::1 - - [25/Sep/2021:19:19:46 +0000] "GET /applied/614efb4ab9810736c4be8245?appliedRole=Choose+a+Role&userid=614efb4ab9810736c4be8245&reason=j&link1=jjj HTTP/1.1" 404 171 "http://localhost:3000/applyform" "Mozilla/5.0 (Windows NT 10.0; Win64; x64) AppleWebKit/537.36 (KHTML, like Gecko) Chrome/93.0.4577.82 Safari/537.36"
::1 - - [25/Sep/2021:19:19:51 +0000] "GET /applied/614efb4ab9810736c4be8245?appliedRole=QuestionSetter&userid=614efb4ab9810736c4be8245&reason=j&link1=jjj HTTP/1.1" 404 171 "http://localhost:3000/applyform" "Mozilla/5.0 (Windows NT 10.0; Win64; x64) AppleWebKit/537.36 (KHTML, like Gecko) Chrome/93.0.4577.82 Safari/537.36"
::1 - - [25/Sep/2021:19:21:09 +0000] "GET /applied/614efb4ab9810736c4be8245?appliedRole=QuestionSetter&userid=614efb4ab9810736c4be8245&reason=j&link1=jjj HTTP/1.1" 404 171 "http://localhost:3000/applyform" "Mozilla/5.0 (Windows NT 10.0; Win64; x64) AppleWebKit/537.36 (KHTML, like Gecko) Chrome/93.0.4577.82 Safari/537.36"
::1 - - [25/Sep/2021:19:21:21 +0000] "GET /index.css HTTP/1.1" 404 148 "http://localhost:3000/dashboard" "Mozilla/5.0 (Windows NT 10.0; Win64; x64) AppleWebKit/537.36 (KHTML, like Gecko) Chrome/93.0.4577.82 Safari/537.36"
::1 - - [25/Sep/2021:19:21:23 +0000] "GET /index.css HTTP/1.1" 404 148 "http://localhost:3000/dashboard" "Mozilla/5.0 (Windows NT 10.0; Win64; x64) AppleWebKit/537.36 (KHTML, like Gecko) Chrome/93.0.4577.82 Safari/537.36"
::1 - - [25/Sep/2021:19:21:53 +0000] "GET /index.css HTTP/1.1" 404 148 "http://localhost:3000/dashboard" "Mozilla/5.0 (Windows NT 10.0; Win64; x64) AppleWebKit/537.36 (KHTML, like Gecko) Chrome/93.0.4577.82 Safari/537.36"
::1 - - [25/Sep/2021:19:21:55 +0000] "GET /index.css HTTP/1.1" 404 148 "http://localhost:3000/dashboard" "Mozilla/5.0 (Windows NT 10.0; Win64; x64) AppleWebKit/537.36 (KHTML, like Gecko) Chrome/93.0.4577.82 Safari/537.36"
::1 - - [25/Sep/2021:19:23:31 +0000] "GET /index.css HTTP/1.1" 404 148 "http://localhost:3000/dashboard" "Mozilla/5.0 (Linux; Android 5.0; SM-G900P Build/LRX21T) AppleWebKit/537.36 (KHTML, like Gecko) Chrome/93.0.4577.82 Mobile Safari/537.36"
::1 - - [25/Sep/2021:19:23:31 +0000] "GET /js/notification_engine-0568a3af86.js HTTP/1.1" 404 175 "http://localhost:3000/dashboard" "Mozilla/5.0 (Linux; Android 5.0; SM-G900P Build/LRX21T) AppleWebKit/537.36 (KHTML, like Gecko) Chrome/93.0.4577.82 Mobile Safari/537.36"
::1 - - [25/Sep/2021:19:23:32 +0000] "GET /js/notification_engine-0568a3af86.js HTTP/1.1" 404 175 "http://localhost:3000/dashboard" "Mozilla/5.0 (Linux; Android 5.0; SM-G900P Build/LRX21T) AppleWebKit/537.36 (KHTML, like Gecko) Chrome/93.0.4577.82 Mobile Safari/537.36"
::1 - - [25/Sep/2021:19:23:55 +0000] "GET /index.css HTTP/1.1" 404 148 "http://localhost:3000/dashboard" "Mozilla/5.0 (Linux; Android 5.0; SM-G900P Build/LRX21T) AppleWebKit/537.36 (KHTML, like Gecko) Chrome/93.0.4577.82 Mobile Safari/537.36"
::1 - - [25/Sep/2021:19:24:18 +0000] "GET /index.css HTTP/1.1" 404 148 "http://localhost:3000/dashboard" "Mozilla/5.0 (Linux; Android 5.0; SM-G900P Build/LRX21T) AppleWebKit/537.36 (KHTML, like Gecko) Chrome/93.0.4577.82 Mobile Safari/537.36"
::ffff:127.0.0.1 - - [25/Sep/2021:19:24:18 +0000] "GET /js/notification_engine-0568a3af86.js HTTP/1.1" 404 175 "http://localhost:3000/dashboard" "Mozilla/5.0 (Linux; Android 5.0; SM-G900P Build/LRX21T) AppleWebKit/537.36 (KHTML, like Gecko) Chrome/93.0.4577.82 Mobile Safari/537.36"
::ffff:127.0.0.1 - - [25/Sep/2021:19:24:19 +0000] "GET /js/notification_engine-0568a3af86.js HTTP/1.1" 404 175 "http://localhost:3000/dashboard" "Mozilla/5.0 (Linux; Android 5.0; SM-G900P Build/LRX21T) AppleWebKit/537.36 (KHTML, like Gecko) Chrome/93.0.4577.82 Mobile Safari/537.36"
[0mGET /users/auth/google/index.css [33m404[0m 3.841 ms - 166[0m
[0mGET /users/auth/google/js/notification_engine.js [33m404[0m 2.151 ms - 182[0m
[0mGET /users/auth/google/js/notification_engine.js [33m404[0m 0.681 ms - 182[0m
[0mGET /index.css [33m404[0m 0.851 ms - 148[0m
[0mGET /index.css [33m404[0m 0.944 ms - 148[0m
[0mGET /index.css [33m404[0m 4.431 ms - 148[0m
[0mGET /index.css [33m404[0m 0.484 ms - 148[0m
[0mGET /favicon.ico [33m404[0m 0.873 ms - 150[0m
[0mGET /users/auth/google/index.css [33m404[0m 0.320 ms - 166[0m
[0mGET /users/auth/google/js/notification_engine.js [33m404[0m 2.373 ms - 182[0m
[0mGET /users/auth/google/js/notification_engine.js [33m404[0m 0.394 ms - 182[0m
[0mGET /index.css [33m404[0m 0.644 ms - 148[0m
[0mGET /index.css [33m404[0m 5.598 ms - 148[0m
[0mGET /index.css [33m404[0m 1.127 ms - 148[0m
[0mGET /index.css [33m404[0m 0.646 ms - 148[0m
[0mGET /index.css [33m404[0m 0.358 ms - 148[0m
[0mGET /index.css [33m404[0m 3.206 ms - 148[0m
[0mGET /index.css [33m404[0m 0.408 ms - 148[0m
[0mGET /index.css [33m404[0m 0.263 ms - 148[0m
[0mGET /index.css [33m404[0m 0.379 ms - 148[0m
[0mGET /Discuss/index.css [33m404[0m 0.458 ms - 156[0m
[0mGET /Discuss/index.css [33m404[0m 4.482 ms - 156[0m
[0mGET /Discuss/js/notification_engine.js [33m404[0m 7.018 ms - 172[0m
[0mGET /Discuss/js/notification_engine.js [33m404[0m 2.088 ms - 172[0m
[0mGET /index.css [33m404[0m 1.048 ms - 148[0m
[0mGET /index.css [33m404[0m 0.536 ms - 148[0m
[0mGET /index.css [33m404[0m 0.498 ms - 148[0m
[0mGET /index.css [33m404[0m 0.601 ms - 148[0m
[0mGET /index.css [33m404[0m 2.389 ms - 148[0m
[0mGET /index.css [33m404[0m 3.010 ms - 148[0m
[0mGET /users/auth/google/index.css [33m404[0m 3.971 ms - 166[0m
[0mGET /users/auth/google/js/notification_engine.js [33m404[0m 2.487 ms - 182[0m
[0mGET /users/auth/google/js/notification_engine.js [33m404[0m 1.205 ms - 182[0m
[0mGET /index.css [33m404[0m 0.424 ms - 148[0m
[0mGET /users/auth/google/index.css [33m404[0m 5.663 ms - 166[0m
[0mGET /users/auth/google/js/notification_engine.js [33m404[0m 1.636 ms - 182[0m
[0mGET /users/auth/google/js/notification_engine.js [33m404[0m 0.382 ms - 182[0m
[0mGET /index.css [33m404[0m 1.253 ms - 148[0m
[0mGET /index.css [33m404[0m 0.317 ms - 148[0m
[0mGET /favicon.ico [33m404[0m 4.054 ms - 150[0m
[0mGET /users/auth/google/index.css [33m404[0m 5.615 ms - 166[0m
[0mGET /users/auth/google/js/notification_engine.js [33m404[0m 4.034 ms - 182[0m
[0mGET /users/auth/google/js/notification_engine.js [33m404[0m 1.326 ms - 182[0m
[0mGET /index.css [33m404[0m 2.884 ms - 148[0m
[0mGET /login/createsession [33m404[0m 2.666 ms - 158[0m
[0mGET /index.css [33m404[0m 4.671 ms - 148[0m
[0mGET /signup/createuser [33m404[0m 2.866 ms - 156[0m
[0mGET /signup/createuser [33m404[0m 3.901 ms - 156[0m
[0mGET /signup/createuser [33m404[0m 2.892 ms - 156[0m
[0mGET /index.css [33m404[0m 1.837 ms - 148[0m
[0mGET /index.css [33m404[0m 0.671 ms - 148[0m
[0mGET /users/auth/google/index.css [33m404[0m 0.362 ms - 166[0m
[0mGET /users/auth/google/js/notification_engine.js [33m404[0m 0.354 ms - 182[0m
[0mGET /users/auth/google/js/notification_engine.js [33m404[0m 0.332 ms - 182[0m
