[0mGET /index.css [33m404[0m 2.922 ms - 148[0m
[0mGET /resources/upload/js/notification_engine.js [33m404[0m 0.781 ms - 181[0m
[0mGET /resources/upload/js/notification_engine.js [33m404[0m 0.542 ms - 181[0m
[0mGET /resources/upload/js/notification_engine.js [33m404[0m 0.433 ms - 181[0m
[0mGET /resources/upload/js/notification_engine.js [33m404[0m 0.501 ms - 181[0m
[0mGET /index.css [33m404[0m 0.461 ms - 148[0m
[0mGET /index.css [33m404[0m 0.562 ms - 148[0m
[0mGET /uploads/eventbanner/eventbanner-1632910173316.jpeg [33m404[0m 0.431 ms - 189[0m
[0mGET /users/auth/google/index.css [33m404[0m 2.663 ms - 166[0m
[0mGET /users/auth/google/js/notification_engine.js [33m404[0m 2.170 ms - 182[0m
[0mGET /users/auth/google/js/notification_engine.js [33m404[0m 0.395 ms - 182[0m
[0mGET /index.css [33m404[0m 0.888 ms - 148[0m
[0mGET /index.css [33m404[0m 0.815 ms - 148[0m
[0mGET /index.css [33m404[0m 0.668 ms - 148[0m
[0mGET /index.css [33m404[0m 0.538 ms - 148[0m
[0mGET /index.css [33m404[0m 0.517 ms - 148[0m
[0mGET /resources/upload/js/notification_engine.js [33m404[0m 0.532 ms - 181[0m
[0mGET /resources/upload/js/notification_engine.js [33m404[0m 0.478 ms - 181[0m
[0mGET /resources/upload/js/notification_engine.js [33m404[0m 0.458 ms - 181[0m
[0mGET /resources/upload/js/notification_engine.js [33m404[0m 0.602 ms - 181[0m
[0mGET /resources/upload/js/notification_engine.js [33m404[0m 5.552 ms - 181[0m
[0mGET /resources/upload/js/notification_engine.js [33m404[0m 2.126 ms - 181[0m
[0mGET /index.css [33m404[0m 0.742 ms - 148[0m
[0mGET /resourses/js/notification_engine.js [33m404[0m 0.646 ms - 174[0m
[0mGET /resourses/js/notification_engine.js [33m404[0m 0.545 ms - 174[0m
[0mGET /fileresources/js/notification_engine.js [33m404[0m 1.699 ms - 178[0m
[0mGET /fileresources/js/notification_engine.js [33m404[0m 0.447 ms - 178[0m
[0mGET /resources/upload/js/notification_engine.js [33m404[0m 0.493 ms - 181[0m
[0mGET /resources/upload/js/notification_engine.js [33m404[0m 0.450 ms - 181[0m
[0mGET /resources/upload/js/notification_engine.js [33m404[0m 1.793 ms - 181[0m
[0mGET /resources/upload/js/notification_engine.js [33m404[0m 0.460 ms - 181[0m
[0mGET /index.css [33m404[0m 0.506 ms - 148[0m
[0mGET /index.css [33m404[0m 0.490 ms - 148[0m
[0mGET /index.css [33m404[0m 4.024 ms - 148[0m
[0mGET /resourses/js/notification_engine.js [33m404[0m 0.791 ms - 174[0m
[0mGET /resourses/js/notification_engine.js [33m404[0m 0.922 ms - 174[0m
[0mGET /resources/upload/js/notification_engine.js [33m404[0m 0.445 ms - 181[0m
[0mGET /resources/upload/js/notification_engine.js [33m404[0m 0.512 ms - 181[0m
[0mGET /resources/upload/js/notification_engine.js [33m404[0m 0.923 ms - 181[0m
[0mGET /resources/upload/js/notification_engine.js [33m404[0m 0.759 ms - 181[0m
[0mGET /resources/upload/js/notification_engine.js [33m404[0m 0.572 ms - 181[0m
[0mGET /resources/upload/js/notification_engine.js [33m404[0m 0.450 ms - 181[0m
[0mGET /uploads/resources/resources-1632911035233.pdf [33m404[0m 0.379 ms - 184[0m
[0mGET /resourses/js/notification_engine.js [33m404[0m 7.831 ms - 174[0m
[0mGET /resourses/js/notification_engine.js [33m404[0m 0.980 ms - 174[0m
[0mGET /resources/upload/js/notification_engine.js [33m404[0m 0.607 ms - 181[0m
[0mGET /resources/upload/js/notification_engine.js [33m404[0m 0.589 ms - 181[0m
[0mGET /resources/upload/js/notification_engine.js [33m404[0m 0.836 ms - 181[0m
[0mGET /resources/upload/js/notification_engine.js [33m404[0m 0.748 ms - 181[0m
[0mGET /resources/upload/js/notification_engine.js [33m404[0m 0.815 ms - 181[0m
[0mGET /resources/upload/js/notification_engine.js [33m404[0m 1.509 ms - 181[0m
[0mGET /resources/upload/js/notification_engine.js [33m404[0m 5.456 ms - 181[0m
[0mGET /resources/upload/js/notification_engine.js [33m404[0m 2.019 ms - 181[0m
[0mGET /resources/upload/js/notification_engine.js [33m404[0m 0.984 ms - 181[0m
[0mGET /resources/upload/js/notification_engine.js [33m404[0m 0.604 ms - 181[0m
[0mGET /resources/upload/js/notification_engine.js [33m404[0m 0.682 ms - 181[0m
[0mGET /resources/upload/js/notification_engine.js [33m404[0m 0.612 ms - 181[0m
[0mGET /users/auth/google/index.css [33m404[0m 5.034 ms - 166[0m
[0mGET /users/auth/google/js/notification_engine.js [33m404[0m 0.924 ms - 182[0m
[0mGET /users/auth/google/js/notification_engine.js [33m404[0m 0.569 ms - 182[0m
[0mGET /users/auth/google/index.css [33m404[0m 0.639 ms - 166[0m
[0mGET /users/auth/google/js/notification_engine.js [33m404[0m 2.846 ms - 182[0m
[0mGET /users/auth/google/js/notification_engine.js [33m404[0m 0.491 ms - 182[0m
[0mGET /index.css [33m404[0m 0.451 ms - 148[0m
[0mGET /index.css [33m404[0m 1.613 ms - 148[0m
[0mGET /index.css [33m404[0m 0.496 ms - 148[0m
[0mGET /users/auth/google/index.css [33m404[0m 1.102 ms - 166[0m
[0mGET /users/auth/google/js/notification_engine.js [33m404[0m 1.001 ms - 182[0m
[0mGET /users/auth/google/js/notification_engine.js [33m404[0m 0.507 ms - 182[0m
[0mGET /index.css [33m404[0m 3.453 ms - 148[0m
[0mGET /index.css [33m404[0m 0.553 ms - 148[0m
[0mGET /index.css [33m404[0m 0.551 ms - 148[0m
[0mGET /index.css [33m404[0m 0.489 ms - 148[0m
[0mGET /index.css [33m404[0m 1.380 ms - 148[0m
[0mGET /index.css [33m404[0m 0.540 ms - 148[0m
[0mGET /index.css [33m404[0m 4.261 ms - 148[0m
[0mGET /index.css [33m404[0m 0.692 ms - 148[0m
[0mGET /index.css [33m404[0m 0.479 ms - 148[0m
[0mGET /index.css [33m404[0m 0.377 ms - 148[0m
[0mGET /index.css [33m404[0m 0.579 ms - 148[0m
[0mGET /index.css [33m404[0m 0.668 ms - 148[0m
[0mGET /index.css [33m404[0m 1.340 ms - 148[0m
[0mGET /index.css [33m404[0m 0.553 ms - 148[0m
[0mGET /index.css [33m404[0m 0.462 ms - 148[0m
[0mGET /index.css [33m404[0m 0.596 ms - 148[0m
[0mGET /index.css [33m404[0m 0.504 ms - 148[0m
[0mGET /index.css [33m404[0m 0.480 ms - 148[0m
[0mGET /index.css [33m404[0m 0.488 ms - 148[0m
[0mGET /index.css [33m404[0m 0.477 ms - 148[0m
[0mGET /index.css [33m404[0m 0.444 ms - 148[0m
[0mGET /index.css [33m404[0m 6.757 ms - 148[0m
[0mGET /index.css [33m404[0m 2.284 ms - 148[0m
[0mGET /index.css [33m404[0m 0.573 ms - 148[0m
[0mGET /index.css [33m404[0m 0.308 ms - 148[0m
[0mGET /showblog/js/notification_engine.js [33m404[0m 0.554 ms - 173[0m
[0mGET /showblog/js/notification_engine.js [33m404[0m 0.301 ms - 173[0m
[0mGET /index.css [33m404[0m 0.538 ms - 148[0m
[0mGET /index.css [33m404[0m 0.602 ms - 148[0m
[0mGET /index.css [33m404[0m 0.406 ms - 148[0m
[0mGET /showblog/js/notification_engine.js [33m404[0m 0.419 ms - 173[0m
[0mGET /showblog/js/notification_engine.js [33m404[0m 0.319 ms - 173[0m
[0mGET /editblog/index.css [33m404[0m 0.711 ms - 157[0m
[0mGET /editblog/js/notification_engine.js [33m404[0m 1.206 ms - 173[0m
[0mGET /editblog/js/notification_engine.js [33m404[0m 0.418 ms - 173[0m
[0mGET /index.css [33m404[0m 0.501 ms - 148[0m
[0mGET /showblog/js/notification_engine.js [33m404[0m 0.456 ms - 173[0m
[0mGET /showblog/js/notification_engine.js [33m404[0m 0.567 ms - 173[0m
[0mGET /editblog/index.css [33m404[0m 0.468 ms - 157[0m
[0mGET /editblog/js/notification_engine.js [33m404[0m 0.506 ms - 173[0m
[0mGET /editblog/js/notification_engine.js [33m404[0m 0.392 ms - 173[0m
[0mGET /showblog/js/notification_engine.js [33m404[0m 0.450 ms - 173[0m
[0mGET /showblog/js/notification_engine.js [33m404[0m 0.373 ms - 173[0m
[0mGET /showblog/js/notification_engine.js [33m404[0m 0.403 ms - 173[0m
[0mGET /showblog/js/notification_engine.js [33m404[0m 0.464 ms - 173[0m
[0mGET /index.css [33m404[0m 0.462 ms - 148[0m
[0mGET /index.css [33m404[0m 0.472 ms - 148[0m
[0mGET /index.css [33m404[0m 0.398 ms - 148[0m
[0mGET /index.css [33m404[0m 0.589 ms - 148[0m
[0mGET /index.css [33m404[0m 0.479 ms - 148[0m
[0mGET /index.css [33m404[0m 0.441 ms - 148[0m
[0mGET /index.css [33m404[0m 0.418 ms - 148[0m
[0mGET /index.css [33m404[0m 0.523 ms - 148[0m
[0mGET /index.css [33m404[0m 0.424 ms - 148[0m
[0mGET /index.css [33m404[0m 0.430 ms - 148[0m
[0mGET /index.css [33m404[0m 0.455 ms - 148[0m
[0mGET /index.css [33m404[0m 0.575 ms - 148[0m
[0mGET /index.css [33m404[0m 0.666 ms - 148[0m
[0mGET /index.css [33m404[0m 0.400 ms - 148[0m
[0mGET /index.css [33m404[0m 0.342 ms - 148[0m
[0mGET /index.css [33m404[0m 0.293 ms - 148[0m
[0mGET /globalevents/js/notification_engine.js [33m404[0m 16.584 ms - 177[0m
[0mGET /globalevents/js/notification_engine.js [33m404[0m 0.430 ms - 177[0m
[0mGET /globalevents/js/notification_engine.js [33m404[0m 0.430 ms - 177[0m
[0mGET /globalevents/js/notification_engine.js [33m404[0m 0.425 ms - 177[0m
[0mGET /index.css [33m404[0m 8.014 ms - 148[0m
[0mGET /index.css [33m404[0m 0.759 ms - 148[0m
[0mGET /index.css [33m404[0m 12.183 ms - 148[0m
[0mGET /index.css [33m404[0m 0.549 ms - 148[0m
[0mGET /index.css [33m404[0m 1.907 ms - 148[0m
[0mGET /index.css [33m404[0m 0.929 ms - 148[0m
[0mGET /index.css [33m404[0m 0.665 ms - 148[0m
[0mGET /index.css [33m404[0m 3.119 ms - 148[0m
[0mGET /index.css [33m404[0m 0.927 ms - 148[0m
[0mGET /resources/upload/js/notification_engine.js [33m404[0m 0.703 ms - 181[0m
[0mGET /resources/upload/js/notification_engine.js [33m404[0m 0.617 ms - 181[0m
[0mGET /resources/upload/js/notification_engine.js [33m404[0m 0.686 ms - 181[0m
[0mGET /resources/upload/js/notification_engine.js [33m404[0m 0.760 ms - 181[0m
[0mGET /resourses/js/notification_engine.js [33m404[0m 0.681 ms - 174[0m
[0mGET /resourses/js/notification_engine.js [33m404[0m 0.486 ms - 174[0m
[0mGET /globalevents/js/notification_engine.js [33m404[0m 0.480 ms - 177[0m
[0mGET /globalevents/js/notification_engine.js [33m404[0m 0.470 ms - 177[0m
[0mGET /globalevents/js/notification_engine.js [33m404[0m 8.358 ms - 177[0m
[0mGET /globalevents/js/notification_engine.js [33m404[0m 0.723 ms - 177[0m
[0mGET /globalevents/js/notification_engine.js [33m404[0m 1.599 ms - 177[0m
[0mGET /globalevents/js/notification_engine.js [33m404[0m 0.466 ms - 177[0m
[0mGET /globalevents/js/notification_engine.js [33m404[0m 2.122 ms - 177[0m
[0mGET /globalevents/js/notification_engine.js [33m404[0m 0.476 ms - 177[0m
[0mGET /globalevents/js/notification_engine.js [33m404[0m 5.785 ms - 177[0m
[0mGET /globalevents/js/notification_engine.js [33m404[0m 0.797 ms - 177[0m
[0mGET /index.css [33m404[0m 1.117 ms - 148[0m
[0mGET /showblog/js/notification_engine.js [33m404[0m 0.464 ms - 173[0m
[0mGET /showblog/js/notification_engine.js [33m404[0m 0.466 ms - 173[0m
[0mGET /index.css [33m404[0m 0.432 ms - 148[0m
[0mGET /index.css [33m404[0m 1.406 ms - 148[0m
[0mGET /index.css [33m404[0m 0.491 ms - 148[0m
[0mGET /index.css [33m404[0m 4.874 ms - 148[0m
[0mGET /index.css [33m404[0m 0.646 ms - 148[0m
[0mGET /index.css [33m404[0m 0.661 ms - 148[0m
[0mGET /index.css [33m404[0m 0.490 ms - 148[0m
[0mGET /index.css [33m404[0m 0.496 ms - 148[0m
[0mGET /index.css [33m404[0m 0.468 ms - 148[0m
[0mGET /index.css [33m404[0m 0.548 ms - 148[0m
[0mGET /seeQ/js/notification_engine.js [33m404[0m 1.747 ms - 169[0m
[0mGET /seeQ/js/notification_engine.js [33m404[0m 0.660 ms - 169[0m
[0mGET /seeQ/js/notification_engine.js [33m404[0m 3.067 ms - 169[0m
[0mGET /seeQ/js/notification_engine.js [33m404[0m 0.392 ms - 169[0m
[0mGET /index.css [33m404[0m 0.391 ms - 148[0m
[0mGET /index.css [33m404[0m 0.434 ms - 148[0m
[0mGET /index.css [33m404[0m 1.525 ms - 148[0m
[0mGET /index.css [33m404[0m 0.525 ms - 148[0m
[0mGET /viewPagePoll/js/notification_engine.js [33m404[0m 0.492 ms - 177[0m
[0mGET /viewPagePoll/js/notification_engine.js [33m404[0m 0.470 ms - 177[0m
[0mGET /viewPagePoll/js/notification_engine.js [33m404[0m 0.443 ms - 177[0m
[0mGET /viewPagePoll/js/notification_engine.js [33m404[0m 1.111 ms - 177[0m
[0mGET /poll/sendpoll/js/notification_engine.js [33m404[0m 1.096 ms - 178[0m
[0mGET /poll/sendpoll/js/notification_engine.js [33m404[0m 0.408 ms - 178[0m
[0mGET /index.css [33m404[0m 1.557 ms - 148[0m
[0mGET /index.css [33m404[0m 4.174 ms - 148[0m
[0mGET /index.css [33m404[0m 0.687 ms - 148[0m
[0mGET /index.css [33m404[0m 0.514 ms - 148[0m
